------------------------------------------------------------------------------------------------------------------------

[2018-05-01 13:22:10 #1 store] 
Database 'C:\Users\ignacio\eclipse-workspace\Bum3\db\Flights2.odb' is opened by 12932@DESKTOP-P6FI1PA

[2018-05-01 13:22:10 #2 store] 
Configuration path: ?

[2018-05-01 13:22:11 #3 type] 
Type domain.Flight is not enhanced.

[2018-05-01 13:22:11 #4 type] 
Type domain.ConcreteFlight is not enhanced.

------------------------------------------------------------------------------------------------------------------------

[2018-05-01 13:25:00 #1 store] 
Database 'C:\Users\ignacio\eclipse-workspace\Bum3\db\Flights2.odb' is opened by 14796@DESKTOP-P6FI1PA

[2018-05-01 13:25:00 #2 store] 
Configuration path: ?

[2018-05-01 13:25:00 #3 type] 
Type domain.Flight is not enhanced.

[2018-05-01 13:25:00 #4 type] 
Type domain.ConcreteFlight is not enhanced.

------------------------------------------------------------------------------------------------------------------------

[2018-05-01 13:25:27 #1 store] 
Database 'C:\Users\ignacio\eclipse-workspace\Bum3\db\Flights2.odb' is opened by 5392@DESKTOP-P6FI1PA

[2018-05-01 13:25:27 #2 store] 
Configuration path: ?

[2018-05-01 13:25:27 #3 type] 
Type domain.Flight is not enhanced.

[2018-05-01 13:25:27 #4 type] 
Type domain.ConcreteFlight is not enhanced.

------------------------------------------------------------------------------------------------------------------------

[2018-05-01 13:26:54 #1 store] 
Database 'C:\Users\ignacio\eclipse-workspace\Bum3\db\Flights2.odb' is opened by 4304@DESKTOP-P6FI1PA

[2018-05-01 13:26:54 #2 store] 
Configuration path: ?

[2018-05-01 13:26:54 #3 type] 
Type domain.Flight is not enhanced.

[2018-05-01 13:26:54 #4 type] 
Type domain.ConcreteFlight is not enhanced.

------------------------------------------------------------------------------------------------------------------------

[2018-05-01 13:27:05 #1 store] 
Database 'C:\Users\ignacio\eclipse-workspace\Bum3\db\Flights2.odb' is opened by 8280@DESKTOP-P6FI1PA

[2018-05-01 13:27:05 #2 store] 
Configuration path: ?

[2018-05-01 13:27:05 #3 type] 
Type domain.Flight is not enhanced.

[2018-05-01 13:27:05 #4 type] 
Type domain.ConcreteFlight is not enhanced.

------------------------------------------------------------------------------------------------------------------------

[2018-05-01 13:59:40 #1 store] 
Database 'C:\Users\ignacio\eclipse-workspace\AeroplofServer\db\Flights2.odb' is opened by 2636@DESKTOP-P6FI1PA

[2018-05-01 13:59:40 #2 store] 
Configuration path: ?

[2018-05-01 13:59:40 #3 type] 
Type domain.Flight is not enhanced.

[2018-05-01 13:59:40 #4 type] 
Type domain.ConcreteFlight is not enhanced.

------------------------------------------------------------------------------------------------------------------------

[2018-05-01 14:00:26 #1 store] 
Database 'C:\Users\ignacio\eclipse-workspace\AeroplofServer\db\Flights2.odb' is opened by 13428@DESKTOP-P6FI1PA

[2018-05-01 14:00:26 #2 store] 
Configuration path: ?

[2018-05-01 14:00:26 #3 type] 
Type domain.Flight is not enhanced.

[2018-05-01 14:00:27 #4 type] 
Type domain.ConcreteFlight is not enhanced.

------------------------------------------------------------------------------------------------------------------------

[2018-05-01 14:22:16 #1 store] 
Database 'C:\Users\ignacio\eclipse-workspace\AeroplofServer\db\Flights2.odb' is opened by 4192@DESKTOP-P6FI1PA

[2018-05-01 14:22:16 #2 store] 
Configuration path: ?

[2018-05-01 14:22:16 #3 type] 
Type domain.Flight is not enhanced.

[2018-05-01 14:22:16 #4 type] 
Type domain.ConcreteFlight is not enhanced.

------------------------------------------------------------------------------------------------------------------------

[2018-05-01 18:04:17 #1 store] 
Database 'C:\Users\ignacio\eclipse-workspace\AeroplofServer\db\Flights2.odb' is opened by 12068@DESKTOP-P6FI1PA

[2018-05-01 18:04:17 #2 store] 
Configuration path: ?

[2018-05-01 18:04:18 #3 type] 
Type domain.Flight is not enhanced.

[2018-05-01 18:04:18 #4 type] 
Type domain.ConcreteFlight is not enhanced.

------------------------------------------------------------------------------------------------------------------------

[2018-05-01 18:21:17 #1 store] 
Database 'C:\Users\ignacio\eclipse-workspace\AeroplofServer\db\Flights2.odb' is opened by 15340@DESKTOP-P6FI1PA

[2018-05-01 18:21:17 #2 store] 
Configuration path: ?

[2018-05-01 18:21:17 #3 type] 
Type domain.Flight is not enhanced.

[2018-05-01 18:21:17 #4 type] 
Type domain.ConcreteFlight is not enhanced.

------------------------------------------------------------------------------------------------------------------------

[2018-05-01 18:22:17 #1 store] 
Database 'C:\Users\ignacio\eclipse-workspace\AeroplofServer\db\Flights2.odb' is opened by 14796@DESKTOP-P6FI1PA

[2018-05-01 18:22:17 #2 store] 
Configuration path: ?

[2018-05-01 18:22:17 #3 type] 
Type domain.Flight is not enhanced.

[2018-05-01 18:22:17 #4 type] 
Type domain.ConcreteFlight is not enhanced.

------------------------------------------------------------------------------------------------------------------------

[2018-05-01 18:33:31 #1 store] 
Database 'C:\Users\ignacio\eclipse-workspace\AeroplofServer\db\Flights2.odb' is opened by 16052@DESKTOP-P6FI1PA

[2018-05-01 18:33:31 #2 store] 
Configuration path: ?

[2018-05-01 18:33:31 #3 type] 
Type domain.Flight is not enhanced.

[2018-05-01 18:33:31 #4 type] 
Type domain.ConcreteFlight is not enhanced.

------------------------------------------------------------------------------------------------------------------------

[2018-05-01 18:36:36 #1 store] 
Database 'C:\Users\ignacio\eclipse-workspace\AeroplofServer\db\Flights2.odb' is opened by 2844@DESKTOP-P6FI1PA

[2018-05-01 18:36:36 #2 store] 
Configuration path: ?

[2018-05-01 18:36:36 #3 type] 
Type domain.Flight is not enhanced.

[2018-05-01 18:36:36 #4 type] 
Type domain.ConcreteFlight is not enhanced.

------------------------------------------------------------------------------------------------------------------------

[2018-05-01 18:37:15 #1 store] 
Database 'C:\Users\ignacio\eclipse-workspace\AeroplofServer\db\Flights2.odb' is opened by 9272@DESKTOP-P6FI1PA

[2018-05-01 18:37:15 #2 store] 
Configuration path: ?

[2018-05-01 18:37:16 #3 type] 
Type domain.Flight is not enhanced.

[2018-05-01 18:37:16 #4 type] 
Type domain.ConcreteFlight is not enhanced.

------------------------------------------------------------------------------------------------------------------------

[2018-05-01 18:43:19 #1 store] 
Database 'C:\Users\ignacio\eclipse-workspace\AeroplofServer\db\Flights2.odb' is opened by 928@DESKTOP-P6FI1PA

[2018-05-01 18:43:19 #2 store] 
Configuration path: ?

[2018-05-01 18:43:19 #3 type] 
Type domain.Flight is not enhanced.

[2018-05-01 18:43:19 #4 type] 
Type domain.ConcreteFlight is not enhanced.

------------------------------------------------------------------------------------------------------------------------

[2018-05-01 18:44:41 #1 store] 
Database 'C:\Users\ignacio\eclipse-workspace\AeroplofServer\db\Flights2.odb' is opened by 14992@DESKTOP-P6FI1PA

[2018-05-01 18:44:41 #2 store] 
Configuration path: ?

[2018-05-01 18:44:41 #3 type] 
Type domain.Flight is not enhanced.

[2018-05-01 18:44:41 #4 type] 
Type domain.ConcreteFlight is not enhanced.

------------------------------------------------------------------------------------------------------------------------

[2018-05-01 19:02:42 #1 store] 
Database 'C:\Users\ignacio\eclipse-workspace\AeroplofServer\db\Flights2.odb' is opened by 10280@DESKTOP-P6FI1PA

[2018-05-01 19:02:42 #2 store] 
Configuration path: ?

------------------------------------------------------------------------------------------------------------------------

[2018-05-01 19:03:38 #1 store] 
Database 'C:\Users\ignacio\eclipse-workspace\AeroplofServer\db\Flights2.odb' has been recovered (tr. 10-10)

[2018-05-01 19:03:38 #2 store] 
Database 'C:\Users\ignacio\eclipse-workspace\AeroplofServer\db\Flights2.odb' is opened by 14668@DESKTOP-P6FI1PA

[2018-05-01 19:03:38 #3 store] 
Configuration path: ?

------------------------------------------------------------------------------------------------------------------------

[2018-05-01 19:04:13 #1 store] 
Database 'C:\Users\ignacio\eclipse-workspace\AeroplofServer\db\Flights2.odb' is opened by 15492@DESKTOP-P6FI1PA

[2018-05-01 19:04:13 #2 store] 
Configuration path: ?

------------------------------------------------------------------------------------------------------------------------

[2018-05-01 19:06:53 #1 store] 
Database 'C:\Users\ignacio\eclipse-workspace\AeroplofServer\db\Flights2.odb' is opened by 13504@DESKTOP-P6FI1PA

[2018-05-01 19:06:53 #2 store] 
Configuration path: ?

------------------------------------------------------------------------------------------------------------------------

[2018-05-01 19:08:05 #1 store] 
Database 'C:\Users\ignacio\eclipse-workspace\AeroplofServer\db\Flights2.odb' is opened by 1236@DESKTOP-P6FI1PA

[2018-05-01 19:08:05 #2 store] 
Configuration path: ?

------------------------------------------------------------------------------------------------------------------------

[2018-05-01 19:09:59 #1 store] 
Database 'C:\Users\ignacio\eclipse-workspace\AeroplofServer\db\Flights2.odb' is opened by 8328@DESKTOP-P6FI1PA

[2018-05-01 19:09:59 #2 store] 
Configuration path: ?

------------------------------------------------------------------------------------------------------------------------

[2018-05-01 20:05:16 #1 store] 
Database 'C:\Users\ignacio\eclipse-workspace\AeroplofServer\db\Flights2.odb' is opened by 2552@DESKTOP-P6FI1PA

[2018-05-01 20:05:16 #2 store] 
Configuration path: ?

------------------------------------------------------------------------------------------------------------------------

[2018-05-01 20:05:52 #1 store] 
Database 'C:\Users\ignacio\eclipse-workspace\AeroplofServer\db\Flights2.odb' is opened by 784@DESKTOP-P6FI1PA

[2018-05-01 20:05:52 #2 store] 
Configuration path: ?

------------------------------------------------------------------------------------------------------------------------

[2018-05-01 20:06:51 #1 store] 
Database 'C:\Users\ignacio\eclipse-workspace\AeroplofServer\db\Flights2.odb' is opened by 2876@DESKTOP-P6FI1PA

[2018-05-01 20:06:51 #2 store] 
Configuration path: ?

