------------------------------------------------------------------------------------------------------------------------

[2018-05-04 11:07:15 #1 store] 
Database 'C:\Users\ignacio\eclipse-workspace\AeroplofServer\db\Flights2.odb' is opened by 12444@DESKTOP-P6FI1PA

[2018-05-04 11:07:15 #2 store] 
Configuration path: ?

[2018-05-04 11:07:15 #3 type] 
Type domain.Flight is not enhanced.

[2018-05-04 11:07:15 #4 type] 
Type domain.ConcreteFlight is not enhanced.

------------------------------------------------------------------------------------------------------------------------

[2018-05-04 11:08:43 #1 store] 
Database 'C:\Users\ignacio\eclipse-workspace\AeroplofServer\db\Flights2.odb' has been recovered (tr. 14-14)

[2018-05-04 11:08:43 #2 store] 
Database 'C:\Users\ignacio\eclipse-workspace\AeroplofServer\db\Flights2.odb' is opened by 2700@DESKTOP-P6FI1PA

[2018-05-04 11:08:43 #3 store] 
Configuration path: ?

[2018-05-04 11:08:43 #4 type] 
Type domain.Flight is not enhanced.

[2018-05-04 11:08:43 #5 type] 
Type domain.ConcreteFlight is not enhanced.

------------------------------------------------------------------------------------------------------------------------

[2018-05-04 11:17:46 #1 store] 
Database 'C:\Users\ignacio\eclipse-workspace\AeroplofServer\db\Flights2.odb' is opened by 15672@DESKTOP-P6FI1PA

[2018-05-04 11:17:46 #2 store] 
Configuration path: ?

[2018-05-04 11:17:47 #3 type] 
Type domain.Flight is not enhanced.

[2018-05-04 11:17:47 #4 type] 
Type domain.ConcreteFlight is not enhanced.

------------------------------------------------------------------------------------------------------------------------

[2018-05-04 11:22:05 #1 store] 
Database 'C:\Users\ignacio\eclipse-workspace\AeroplofServer\db\Flights2.odb' is opened by 11720@DESKTOP-P6FI1PA

[2018-05-04 11:22:05 #2 store] 
Configuration path: ?

[2018-05-04 11:22:05 #3 type] 
Type domain.Flight is not enhanced.

[2018-05-04 11:22:05 #4 type] 
Type domain.ConcreteFlight is not enhanced.

------------------------------------------------------------------------------------------------------------------------

[2018-05-04 11:25:48 #1 store] 
Database 'C:\Users\ignacio\eclipse-workspace\AeroplofServer\db\Flights2.odb' is opened by 11808@DESKTOP-P6FI1PA

[2018-05-04 11:25:48 #2 store] 
Configuration path: ?

[2018-05-04 11:25:48 #3 type] 
Type domain.Flight is not enhanced.

[2018-05-04 11:25:48 #4 type] 
Type domain.ConcreteFlight is not enhanced.

------------------------------------------------------------------------------------------------------------------------

[2018-05-04 11:28:34 #1 store] 
Database 'C:\Users\ignacio\eclipse-workspace\AeroplofServer\db\Flights2.odb' has been recovered (tr. 15-16)

[2018-05-04 11:28:34 #2 store] 
Database 'C:\Users\ignacio\eclipse-workspace\AeroplofServer\db\Flights2.odb' is opened by 12788@DESKTOP-P6FI1PA

[2018-05-04 11:28:34 #3 store] 
Configuration path: ?

[2018-05-04 11:28:35 #4 type] 
Type domain.Flight is not enhanced.

[2018-05-04 11:28:35 #5 type] 
Type domain.ConcreteFlight is not enhanced.

------------------------------------------------------------------------------------------------------------------------

[2018-05-04 11:57:25 #1 store] 
Database 'C:\Users\ignacio\eclipse-workspace\AeroplofServer\db\Flights2.odb' is opened by 12400@DESKTOP-P6FI1PA

[2018-05-04 11:57:25 #2 store] 
Configuration path: ?

[2018-05-04 11:57:25 #3 type] 
Type domain.Flight is not enhanced.

[2018-05-04 11:57:25 #4 type] 
Type domain.ConcreteFlight is not enhanced.

------------------------------------------------------------------------------------------------------------------------

[2018-05-04 11:57:48 #1 store] 
Database 'C:\Users\ignacio\eclipse-workspace\AeroplofServer\db\Flights2.odb' is opened by 5540@DESKTOP-P6FI1PA

[2018-05-04 11:57:48 #2 store] 
Configuration path: ?

[2018-05-04 11:57:49 #3 type] 
Type domain.Flight is not enhanced.

[2018-05-04 11:57:49 #4 type] 
Type domain.ConcreteFlight is not enhanced.

------------------------------------------------------------------------------------------------------------------------

[2018-05-04 12:01:04 #1 store] 
Database 'C:\Users\ignacio\eclipse-workspace\AeroplofServer\db\Flights2.odb' is opened by 9012@DESKTOP-P6FI1PA

[2018-05-04 12:01:04 #2 store] 
Configuration path: ?

[2018-05-04 12:01:04 #3 type] 
Type domain.Flight is not enhanced.

[2018-05-04 12:01:04 #4 type] 
Type domain.ConcreteFlight is not enhanced.

------------------------------------------------------------------------------------------------------------------------

[2018-05-04 13:18:58 #1 store] 
Database 'C:\Users\ignacio\eclipse-workspace\AeroplofServer\db\Flights2.odb' is opened by 15984@DESKTOP-P6FI1PA

[2018-05-04 13:18:58 #2 store] 
Configuration path: ?

[2018-05-04 13:18:58 #3 type] 
Type domain.Flight is not enhanced.

[2018-05-04 13:18:58 #4 type] 
Type domain.ConcreteFlight is not enhanced.

------------------------------------------------------------------------------------------------------------------------

[2018-05-04 19:39:45 #1 store] 
Database 'C:\Users\ignacio\eclipse-workspace\AeroplofServer\db\Flights2.odb' is opened by 12284@DESKTOP-P6FI1PA

[2018-05-04 19:39:45 #2 store] 
Configuration path: ?

[2018-05-04 19:39:45 #3 type] 
Type domain.Flight is not enhanced.

[2018-05-04 19:39:45 #4 type] 
Type domain.ConcreteFlight is not enhanced.

