------------------------------------------------------------------------------------------------------------------------

[2018-02-19 14:43:43 #1 store] 
Database 'C:\Users\ignacio\eclipse-workspace\Bum3\db\Flights.odb' is opened by 2900@DESKTOP-P6FI1PA

[2018-02-19 14:43:43 #2 store] 
Configuration path: ?

------------------------------------------------------------------------------------------------------------------------

[2018-02-19 14:47:07 #1 store] 
Database 'C:\Users\ignacio\eclipse-workspace\Bum3\db\Flights.odb' has been recovered (tr. 7-7)

[2018-02-19 14:47:07 #2 store] 
Database 'C:\Users\ignacio\eclipse-workspace\Bum3\db\Flights.odb' is opened by 6168@DESKTOP-P6FI1PA

[2018-02-19 14:47:07 #3 store] 
Configuration path: ?

------------------------------------------------------------------------------------------------------------------------

[2018-02-19 14:47:13 #1 store] 
Database 'C:\Users\ignacio\eclipse-workspace\Bum3\db\Flights.odb' is opened by 13220@DESKTOP-P6FI1PA

[2018-02-19 14:47:13 #2 store] 
Configuration path: ?

------------------------------------------------------------------------------------------------------------------------

[2018-02-19 14:48:00 #1 store] 
Database 'C:\Users\ignacio\eclipse-workspace\Bum3\db\Flights.odb' is opened by 12420@DESKTOP-P6FI1PA

[2018-02-19 14:48:00 #2 store] 
Configuration path: ?

------------------------------------------------------------------------------------------------------------------------

[2018-02-19 14:48:29 #1 store] 
Database 'C:\Users\ignacio\eclipse-workspace\Bum3\db\Flights.odb' is opened by 9808@DESKTOP-P6FI1PA

[2018-02-19 14:48:29 #2 store] 
Configuration path: ?

------------------------------------------------------------------------------------------------------------------------

[2018-02-19 14:53:14 #1 store] 
Database 'C:\Users\ignacio\eclipse-workspace\Bum3\db\Flights.odb' is opened by 11368@DESKTOP-P6FI1PA

[2018-02-19 14:53:14 #2 store] 
Configuration path: ?

------------------------------------------------------------------------------------------------------------------------

[2018-02-19 14:55:19 #1 store] 
Database 'C:\Users\ignacio\eclipse-workspace\Bum3\db\Flights.odb' is opened by 836@DESKTOP-P6FI1PA

[2018-02-19 14:55:19 #2 store] 
Configuration path: ?

------------------------------------------------------------------------------------------------------------------------

[2018-02-19 14:55:20 #1 store] 
Database 'C:\Users\ignacio\eclipse-workspace\Bum3\db\Flights.odb' is opened by 4140@DESKTOP-P6FI1PA

[2018-02-19 14:55:20 #2 store] 
Configuration path: ?

------------------------------------------------------------------------------------------------------------------------

[2018-02-19 14:58:53 #1 store] 
Database 'C:\Users\ignacio\eclipse-workspace\Bum3\db\Flights.odb' is opened by 3128@DESKTOP-P6FI1PA

[2018-02-19 14:58:53 #2 store] 
Configuration path: ?

------------------------------------------------------------------------------------------------------------------------

[2018-02-19 15:04:25 #1 store] 
Database 'C:\Users\ignacio\eclipse-workspace\Bum3\db\Flights.odb' is opened by 1424@DESKTOP-P6FI1PA

[2018-02-19 15:04:25 #2 store] 
Configuration path: ?

------------------------------------------------------------------------------------------------------------------------

[2018-02-19 15:05:39 #1 store] 
Database 'C:\Users\ignacio\eclipse-workspace\Bum3\db\Flights.odb' is opened by 8028@DESKTOP-P6FI1PA

[2018-02-19 15:05:39 #2 store] 
Configuration path: ?

------------------------------------------------------------------------------------------------------------------------

[2018-02-19 15:07:34 #1 store] 
Database 'C:\Users\ignacio\eclipse-workspace\Bum3\db\Flights.odb' is opened by 7892@DESKTOP-P6FI1PA

[2018-02-19 15:07:34 #2 store] 
Configuration path: ?

------------------------------------------------------------------------------------------------------------------------

[2018-02-19 15:09:02 #1 store] 
Database 'C:\Users\ignacio\eclipse-workspace\Bum3\db\Flights.odb' is opened by 8924@DESKTOP-P6FI1PA

[2018-02-19 15:09:02 #2 store] 
Configuration path: ?

[2018-02-19 15:09:02 #3 type.registry] 
New type domain.Flight

------------------------------------------------------------------------------------------------------------------------

[2018-02-19 15:09:23 #1 store] 
Database 'C:\Users\ignacio\eclipse-workspace\Bum3\db\Flights.odb' has been recovered (tr. 1-3)

[2018-02-19 15:09:24 #2 store] 
Database 'C:\Users\ignacio\eclipse-workspace\Bum3\db\Flights.odb' is opened by 1400@DESKTOP-P6FI1PA

[2018-02-19 15:09:24 #3 store] 
Configuration path: ?

------------------------------------------------------------------------------------------------------------------------

[2018-02-19 15:10:55 #1 store] 
Database 'C:\Users\ignacio\eclipse-workspace\Bum3\db\Flights.odb' is opened by 13272@DESKTOP-P6FI1PA

[2018-02-19 15:10:55 #2 store] 
Configuration path: ?

------------------------------------------------------------------------------------------------------------------------

[2018-02-19 15:20:46 #1 store] 
Database 'C:\Users\ignacio\eclipse-workspace\Bum3\db\Flights.odb' is opened by 916@DESKTOP-P6FI1PA

[2018-02-19 15:20:46 #2 store] 
Configuration path: ?

------------------------------------------------------------------------------------------------------------------------

[2018-02-19 15:57:01 #1 store] 
Database 'C:\Users\ignacio\eclipse-workspace\Bum3\db\Flights.odb' has been recovered (tr. 7-7)

[2018-02-19 15:57:01 #2 store] 
Database 'C:\Users\ignacio\eclipse-workspace\Bum3\db\Flights.odb' is opened by 2056@DESKTOP-P6FI1PA

[2018-02-19 15:57:01 #3 store] 
Configuration path: ?

------------------------------------------------------------------------------------------------------------------------

[2018-02-19 15:58:47 #1 store] 
Database 'C:\Users\ignacio\eclipse-workspace\Bum3\db\Flights.odb' is opened by 8880@DESKTOP-P6FI1PA

[2018-02-19 15:58:47 #2 store] 
Configuration path: ?

------------------------------------------------------------------------------------------------------------------------

[2018-02-19 16:00:35 #1 store] 
Database 'C:\Users\ignacio\eclipse-workspace\Bum3\db\Flights.odb' is opened by 6036@DESKTOP-P6FI1PA

[2018-02-19 16:00:35 #2 store] 
Configuration path: ?

------------------------------------------------------------------------------------------------------------------------

[2018-02-19 16:02:27 #1 store] 
Database 'C:\Users\ignacio\eclipse-workspace\Bum3\db\Flights.odb' is opened by 6424@DESKTOP-P6FI1PA

[2018-02-19 16:02:27 #2 store] 
Configuration path: ?

------------------------------------------------------------------------------------------------------------------------

[2018-02-19 16:04:30 #1 store] 
Database 'C:\Users\ignacio\eclipse-workspace\Bum3\db\Flights.odb' is opened by 11060@DESKTOP-P6FI1PA

[2018-02-19 16:04:30 #2 store] 
Configuration path: ?

------------------------------------------------------------------------------------------------------------------------

[2018-02-19 22:53:43 #1 store] 
Database 'C:\Users\ignacio\eclipse-workspace\Bum3\db\Flights.odb' is opened by 12148@DESKTOP-P6FI1PA

[2018-02-19 22:53:43 #2 store] 
Configuration path: ?

------------------------------------------------------------------------------------------------------------------------

[2018-02-19 23:20:52 #1 store] 
Database 'C:\Users\ignacio\eclipse-workspace\Bum3\db\Flights.odb' is opened by 5432@DESKTOP-P6FI1PA

[2018-02-19 23:20:52 #2 store] 
Configuration path: ?

------------------------------------------------------------------------------------------------------------------------

[2018-02-19 23:29:11 #1 store] 
Database 'C:\Users\ignacio\eclipse-workspace\Bum3\db\Flights.odb' is opened by 2032@DESKTOP-P6FI1PA

[2018-02-19 23:29:11 #2 store] 
Configuration path: ?

