------------------------------------------------------------------------------------------------------------------------

[2018-05-03 10:51:08 #1 store] 
Database 'C:\Users\ignacio\eclipse-workspace\AeroplofServer\db\Flights2.odb' is opened by 7944@DESKTOP-P6FI1PA

[2018-05-03 10:51:08 #2 store] 
Configuration path: ?

[2018-05-03 10:51:09 #3 type] 
Type domain.Flight is not enhanced.

[2018-05-03 10:51:09 #4 type] 
Type domain.ConcreteFlight is not enhanced.

------------------------------------------------------------------------------------------------------------------------

[2018-05-03 10:56:32 #1 store] 
Database 'C:\Users\ignacio\eclipse-workspace\AeroplofServer\db\Flights2.odb' is opened by 1388@DESKTOP-P6FI1PA

[2018-05-03 10:56:32 #2 store] 
Configuration path: ?

[2018-05-03 10:56:32 #3 type] 
Type domain.Flight is not enhanced.

[2018-05-03 10:56:32 #4 type] 
Type domain.ConcreteFlight is not enhanced.

------------------------------------------------------------------------------------------------------------------------

[2018-05-03 10:59:01 #1 store] 
Database 'C:\Users\ignacio\eclipse-workspace\AeroplofServer\db\Flights2.odb' is opened by 15724@DESKTOP-P6FI1PA

[2018-05-03 10:59:01 #2 store] 
Configuration path: ?

[2018-05-03 10:59:01 #3 type] 
Type domain.Flight is not enhanced.

[2018-05-03 10:59:01 #4 type] 
Type domain.ConcreteFlight is not enhanced.

------------------------------------------------------------------------------------------------------------------------

[2018-05-03 10:59:15 #1 store] 
Database 'C:\Users\ignacio\eclipse-workspace\AeroplofServer\db\Flights2.odb' is opened by 9380@DESKTOP-P6FI1PA

[2018-05-03 10:59:15 #2 store] 
Configuration path: ?

[2018-05-03 10:59:15 #3 type] 
Type domain.Flight is not enhanced.

[2018-05-03 10:59:15 #4 type] 
Type domain.ConcreteFlight is not enhanced.

------------------------------------------------------------------------------------------------------------------------

[2018-05-03 11:03:30 #1 store] 
Database 'C:\Users\ignacio\eclipse-workspace\AeroplofServer\db\Flights2.odb' is opened by 8420@DESKTOP-P6FI1PA

[2018-05-03 11:03:30 #2 store] 
Configuration path: ?

[2018-05-03 11:03:30 #3 type] 
Type domain.Flight is not enhanced.

[2018-05-03 11:03:30 #4 type] 
Type domain.ConcreteFlight is not enhanced.

------------------------------------------------------------------------------------------------------------------------

[2018-05-03 11:06:20 #1 store] 
Database 'C:\Users\ignacio\eclipse-workspace\AeroplofServer\db\Flights2.odb' is opened by 6136@DESKTOP-P6FI1PA

[2018-05-03 11:06:20 #2 store] 
Configuration path: ?

[2018-05-03 11:06:21 #3 type] 
Type domain.Flight is not enhanced.

[2018-05-03 11:06:21 #4 type] 
Type domain.ConcreteFlight is not enhanced.

------------------------------------------------------------------------------------------------------------------------

[2018-05-03 11:06:44 #1 store] 
Database 'C:\Users\ignacio\eclipse-workspace\AeroplofServer\db\Flights2.odb' is opened by 7696@DESKTOP-P6FI1PA

[2018-05-03 11:06:44 #2 store] 
Configuration path: ?

[2018-05-03 11:06:44 #3 type] 
Type domain.Flight is not enhanced.

[2018-05-03 11:06:44 #4 type] 
Type domain.ConcreteFlight is not enhanced.

------------------------------------------------------------------------------------------------------------------------

[2018-05-03 11:11:11 #1 store] 
Database 'C:\Users\ignacio\eclipse-workspace\AeroplofServer\db\Flights2.odb' is opened by 11696@DESKTOP-P6FI1PA

[2018-05-03 11:11:11 #2 store] 
Configuration path: ?

[2018-05-03 11:11:11 #3 type] 
Type domain.Flight is not enhanced.

[2018-05-03 11:11:11 #4 type] 
Type domain.ConcreteFlight is not enhanced.

------------------------------------------------------------------------------------------------------------------------

[2018-05-03 11:18:38 #1 store] 
Database 'C:\Users\ignacio\eclipse-workspace\AeroplofServer\db\Flights2.odb' is opened by 14804@DESKTOP-P6FI1PA

[2018-05-03 11:18:38 #2 store] 
Configuration path: ?

[2018-05-03 11:18:38 #3 type] 
Type domain.Flight is not enhanced.

[2018-05-03 11:18:38 #4 type] 
Type domain.ConcreteFlight is not enhanced.

------------------------------------------------------------------------------------------------------------------------

[2018-05-03 11:38:00 #1 store] 
Database 'C:\Users\ignacio\eclipse-workspace\AeroplofServer\db\Flights2.odb' is opened by 3704@DESKTOP-P6FI1PA

[2018-05-03 11:38:00 #2 store] 
Configuration path: ?

[2018-05-03 11:38:00 #3 type] 
Type domain.Flight is not enhanced.

[2018-05-03 11:38:00 #4 type] 
Type domain.ConcreteFlight is not enhanced.

------------------------------------------------------------------------------------------------------------------------

[2018-05-03 11:40:30 #1 store] 
Database 'C:\Users\ignacio\eclipse-workspace\AeroplofServer\db\Flights2.odb' is opened by 9384@DESKTOP-P6FI1PA

[2018-05-03 11:40:30 #2 store] 
Configuration path: ?

[2018-05-03 11:40:30 #3 type] 
Type domain.Flight is not enhanced.

[2018-05-03 11:40:30 #4 type] 
Type domain.ConcreteFlight is not enhanced.

------------------------------------------------------------------------------------------------------------------------

[2018-05-03 14:32:37 #1 store] 
Database 'C:\Users\ignacio\eclipse-workspace\AeroplofServer\db\Flights2.odb' is opened by 5696@DESKTOP-P6FI1PA

[2018-05-03 14:32:37 #2 store] 
Configuration path: ?

[2018-05-03 14:32:37 #3 type] 
Type domain.Flight is not enhanced.

[2018-05-03 14:32:37 #4 type] 
Type domain.ConcreteFlight is not enhanced.

------------------------------------------------------------------------------------------------------------------------

[2018-05-03 14:37:57 #1 store] 
Database 'C:\Users\ignacio\eclipse-workspace\AeroplofServer\db\Flights2.odb' is opened by 13116@DESKTOP-P6FI1PA

[2018-05-03 14:37:57 #2 store] 
Configuration path: ?

[2018-05-03 14:37:57 #3 type] 
Type domain.Flight is not enhanced.

[2018-05-03 14:37:57 #4 type] 
Type domain.ConcreteFlight is not enhanced.

------------------------------------------------------------------------------------------------------------------------

[2018-05-03 14:40:03 #1 store] 
Database 'C:\Users\ignacio\eclipse-workspace\AeroplofServer\db\Flights2.odb' is opened by 3740@DESKTOP-P6FI1PA

[2018-05-03 14:40:03 #2 store] 
Configuration path: ?

[2018-05-03 14:40:03 #3 type] 
Type domain.Flight is not enhanced.

[2018-05-03 14:40:03 #4 type] 
Type domain.ConcreteFlight is not enhanced.

------------------------------------------------------------------------------------------------------------------------

[2018-05-03 14:46:16 #1 store] 
Database 'C:\Users\ignacio\eclipse-workspace\AeroplofServer\db\Flights2.odb' is opened by 4884@DESKTOP-P6FI1PA

[2018-05-03 14:46:16 #2 store] 
Configuration path: ?

[2018-05-03 14:46:16 #3 type] 
Type domain.Flight is not enhanced.

[2018-05-03 14:46:16 #4 type] 
Type domain.ConcreteFlight is not enhanced.

------------------------------------------------------------------------------------------------------------------------

[2018-05-03 14:46:42 #1 store] 
Database 'C:\Users\ignacio\eclipse-workspace\AeroplofServer\db\Flights2.odb' is opened by 15028@DESKTOP-P6FI1PA

[2018-05-03 14:46:42 #2 store] 
Configuration path: ?

[2018-05-03 14:46:42 #3 type] 
Type domain.Flight is not enhanced.

[2018-05-03 14:46:42 #4 type] 
Type domain.ConcreteFlight is not enhanced.

------------------------------------------------------------------------------------------------------------------------

[2018-05-03 15:14:18 #1 store] 
Database 'C:\Users\ignacio\eclipse-workspace\AeroplofServer\db\Flights2.odb' is opened by 9344@DESKTOP-P6FI1PA

[2018-05-03 15:14:18 #2 store] 
Configuration path: ?

[2018-05-03 15:14:18 #3 type] 
Type domain.Flight is not enhanced.

[2018-05-03 15:14:18 #4 type] 
Type domain.ConcreteFlight is not enhanced.

------------------------------------------------------------------------------------------------------------------------

[2018-05-03 15:16:12 #1 store] 
Database 'C:\Users\ignacio\eclipse-workspace\AeroplofServer\db\Flights2.odb' is opened by 10068@DESKTOP-P6FI1PA

[2018-05-03 15:16:12 #2 store] 
Configuration path: ?

[2018-05-03 15:16:12 #3 type] 
Type domain.Flight is not enhanced.

[2018-05-03 15:16:12 #4 type] 
Type domain.ConcreteFlight is not enhanced.

------------------------------------------------------------------------------------------------------------------------

[2018-05-03 15:56:36 #1 store] 
Database 'C:\Users\ignacio\eclipse-workspace\AeroplofServer\db\Flights2.odb' is opened by 15616@DESKTOP-P6FI1PA

[2018-05-03 15:56:36 #2 store] 
Configuration path: ?

[2018-05-03 15:56:36 #3 type] 
Type domain.Flight is not enhanced.

[2018-05-03 15:56:36 #4 type] 
Type domain.ConcreteFlight is not enhanced.

------------------------------------------------------------------------------------------------------------------------

[2018-05-03 16:13:03 #1 store] 
Database 'C:\Users\ignacio\eclipse-workspace\AeroplofServer\db\Flights2.odb' is opened by 15320@DESKTOP-P6FI1PA

[2018-05-03 16:13:03 #2 store] 
Configuration path: ?

[2018-05-03 16:13:03 #3 type] 
Type domain.Flight is not enhanced.

[2018-05-03 16:13:03 #4 type] 
Type domain.ConcreteFlight is not enhanced.

