------------------------------------------------------------------------------------------------------------------------

[2018-02-21 17:06:09 #1 store] 
Database 'C:\Users\ignacio\eclipse-workspace\Bum3\db\Flights.odb' is opened by 16316@DESKTOP-P6FI1PA

[2018-02-21 17:06:09 #2 store] 
Configuration path: ?

[2018-02-21 17:06:09 #3 type] 
Type domain.Flight is not enhanced.

[2018-02-21 17:06:09 #4 type] 
Type domain.ConcreteFlight is not enhanced.

------------------------------------------------------------------------------------------------------------------------

[2018-02-21 17:06:23 #1 store] 
Database 'C:\Users\ignacio\eclipse-workspace\Bum3\db\Flights.odb' is opened by 13440@DESKTOP-P6FI1PA

[2018-02-21 17:06:23 #2 store] 
Configuration path: ?

[2018-02-21 17:06:23 #3 type] 
Type domain.Flight is not enhanced.

[2018-02-21 17:06:23 #4 type] 
Type domain.ConcreteFlight is not enhanced.

------------------------------------------------------------------------------------------------------------------------

[2018-02-21 17:10:10 #1 store] 
Database 'C:\Users\ignacio\eclipse-workspace\Bum3\db\Flights.odb' is opened by 4056@DESKTOP-P6FI1PA

[2018-02-21 17:10:10 #2 store] 
Configuration path: ?

[2018-02-21 17:10:10 #3 type] 
Type domain.Flight is not enhanced.

[2018-02-21 17:10:10 #4 type] 
Type domain.ConcreteFlight is not enhanced.

------------------------------------------------------------------------------------------------------------------------

[2018-02-21 17:13:40 #1 store] 
Database 'C:\Users\ignacio\eclipse-workspace\Bum3\db\Flights.odb' is opened by 15364@DESKTOP-P6FI1PA

[2018-02-21 17:13:40 #2 store] 
Configuration path: ?

[2018-02-21 17:13:41 #3 type] 
Type domain.Flight is not enhanced.

[2018-02-21 17:13:41 #4 type] 
Type domain.ConcreteFlight is not enhanced.

------------------------------------------------------------------------------------------------------------------------

[2018-02-21 17:14:58 #1 store] 
Database 'C:\Users\ignacio\eclipse-workspace\Bum3\db\Flights.odb' has been recovered (tr. 19-19)

[2018-02-21 17:14:59 #2 store] 
Database 'C:\Users\ignacio\eclipse-workspace\Bum3\db\Flights.odb' is opened by 1776@DESKTOP-P6FI1PA

[2018-02-21 17:14:59 #3 store] 
Configuration path: ?

[2018-02-21 17:14:59 #4 type] 
Type domain.Flight is not enhanced.

[2018-02-21 17:14:59 #5 type] 
Type domain.ConcreteFlight is not enhanced.

------------------------------------------------------------------------------------------------------------------------

[2018-02-21 17:16:31 #1 store] 
Database 'C:\Users\ignacio\eclipse-workspace\Bum3\db\Flights.odb' is opened by 17120@DESKTOP-P6FI1PA

[2018-02-21 17:16:31 #2 store] 
Configuration path: ?

[2018-02-21 17:16:31 #3 type] 
Type domain.Flight is not enhanced.

[2018-02-21 17:16:31 #4 type] 
Type domain.ConcreteFlight is not enhanced.

------------------------------------------------------------------------------------------------------------------------

[2018-02-21 17:18:52 #1 store] 
Database 'C:\Users\ignacio\eclipse-workspace\Bum3\db\Flights.odb' is opened by 9832@DESKTOP-P6FI1PA

[2018-02-21 17:18:52 #2 store] 
Configuration path: ?

[2018-02-21 17:18:52 #3 type] 
Type domain.Flight is not enhanced.

[2018-02-21 17:18:52 #4 type] 
Type domain.ConcreteFlight is not enhanced.

------------------------------------------------------------------------------------------------------------------------

[2018-02-21 17:21:48 #1 store] 
Database 'C:\Users\ignacio\eclipse-workspace\Bum3\db\Flights.odb' is opened by 11640@DESKTOP-P6FI1PA

[2018-02-21 17:21:48 #2 store] 
Configuration path: ?

[2018-02-21 17:21:48 #3 type] 
Type domain.Flight is not enhanced.

[2018-02-21 17:21:48 #4 type] 
Type domain.ConcreteFlight is not enhanced.

------------------------------------------------------------------------------------------------------------------------

[2018-02-21 17:22:39 #1 store] 
Database 'C:\Users\ignacio\eclipse-workspace\Bum3\db\Flights.odb' is opened by 16720@DESKTOP-P6FI1PA

[2018-02-21 17:22:39 #2 store] 
Configuration path: ?

[2018-02-21 17:22:39 #3 type] 
Type domain.Flight is not enhanced.

[2018-02-21 17:22:39 #4 type] 
Type domain.ConcreteFlight is not enhanced.

------------------------------------------------------------------------------------------------------------------------

[2018-02-21 17:25:03 #1 store] 
Database 'C:\Users\ignacio\eclipse-workspace\Bum3\db\Flights.odb' is opened by 4116@DESKTOP-P6FI1PA

[2018-02-21 17:25:03 #2 store] 
Configuration path: ?

[2018-02-21 17:25:03 #3 type] 
Type domain.Flight is not enhanced.

[2018-02-21 17:25:03 #4 type] 
Type domain.ConcreteFlight is not enhanced.

------------------------------------------------------------------------------------------------------------------------

[2018-02-21 17:27:25 #1 store] 
Database 'C:\Users\ignacio\eclipse-workspace\Bum3\db\Flights.odb' is opened by 10128@DESKTOP-P6FI1PA

[2018-02-21 17:27:25 #2 store] 
Configuration path: ?

[2018-02-21 17:27:25 #3 type] 
Type domain.Flight is not enhanced.

[2018-02-21 17:27:25 #4 type] 
Type domain.ConcreteFlight is not enhanced.

------------------------------------------------------------------------------------------------------------------------

[2018-02-21 17:32:48 #1 store] 
Database 'C:\Users\ignacio\eclipse-workspace\Bum3\db\Flights.odb' is opened by 14720@DESKTOP-P6FI1PA

[2018-02-21 17:32:48 #2 store] 
Configuration path: ?

[2018-02-21 17:32:48 #3 type] 
Type domain.Flight is not enhanced.

[2018-02-21 17:32:48 #4 type] 
Type domain.ConcreteFlight is not enhanced.

------------------------------------------------------------------------------------------------------------------------

[2018-02-21 17:33:55 #1 store] 
Database 'C:\Users\ignacio\eclipse-workspace\Bum3\db\Flights.odb' is opened by 12280@DESKTOP-P6FI1PA

[2018-02-21 17:33:55 #2 store] 
Configuration path: ?

[2018-02-21 17:33:55 #3 type] 
Type domain.Flight is not enhanced.

[2018-02-21 17:33:55 #4 type] 
Type domain.ConcreteFlight is not enhanced.

------------------------------------------------------------------------------------------------------------------------

[2018-02-21 17:35:44 #1 store] 
Database 'C:\Users\ignacio\eclipse-workspace\Bum3\db\Flights.odb' is opened by 5856@DESKTOP-P6FI1PA

[2018-02-21 17:35:44 #2 store] 
Configuration path: ?

[2018-02-21 17:35:44 #3 type] 
Type domain.Flight is not enhanced.

[2018-02-21 17:35:44 #4 type] 
Type domain.ConcreteFlight is not enhanced.

------------------------------------------------------------------------------------------------------------------------

[2018-02-21 17:42:30 #1 store] 
Database 'C:\Users\ignacio\eclipse-workspace\Bum3\db\Flights.odb' is opened by 12656@DESKTOP-P6FI1PA

[2018-02-21 17:42:30 #2 store] 
Configuration path: ?

[2018-02-21 17:42:31 #3 type] 
Type domain.Flight is not enhanced.

[2018-02-21 17:42:31 #4 type] 
Type domain.ConcreteFlight is not enhanced.

------------------------------------------------------------------------------------------------------------------------

[2018-02-21 17:44:42 #1 store] 
Database 'C:\Users\ignacio\eclipse-workspace\Bum3\db\Flights.odb' is opened by 14472@DESKTOP-P6FI1PA

[2018-02-21 17:44:42 #2 store] 
Configuration path: ?

[2018-02-21 17:44:42 #3 type] 
Type domain.Flight is not enhanced.

[2018-02-21 17:44:42 #4 type] 
Type domain.ConcreteFlight is not enhanced.

------------------------------------------------------------------------------------------------------------------------

[2018-02-21 17:45:51 #1 store] 
Database 'C:\Users\ignacio\eclipse-workspace\Bum3\db\Flights.odb' is opened by 10752@DESKTOP-P6FI1PA

[2018-02-21 17:45:51 #2 store] 
Configuration path: ?

[2018-02-21 17:45:51 #3 type] 
Type domain.Flight is not enhanced.

[2018-02-21 17:45:51 #4 type] 
Type domain.ConcreteFlight is not enhanced.

------------------------------------------------------------------------------------------------------------------------

[2018-02-21 17:48:40 #1 store] 
Database 'C:\Users\ignacio\eclipse-workspace\Bum3\db\Flights.odb' is opened by 15132@DESKTOP-P6FI1PA

[2018-02-21 17:48:40 #2 store] 
Configuration path: ?

[2018-02-21 17:48:40 #3 type] 
Type domain.Flight is not enhanced.

[2018-02-21 17:48:40 #4 type] 
Type domain.ConcreteFlight is not enhanced.

------------------------------------------------------------------------------------------------------------------------

[2018-02-21 17:49:14 #1 store] 
Database 'C:\Users\ignacio\eclipse-workspace\Bum3\db\Flights.odb' is opened by 16416@DESKTOP-P6FI1PA

[2018-02-21 17:49:14 #2 store] 
Configuration path: ?

[2018-02-21 17:49:14 #3 type] 
Type domain.Flight is not enhanced.

[2018-02-21 17:49:14 #4 type] 
Type domain.ConcreteFlight is not enhanced.

------------------------------------------------------------------------------------------------------------------------

[2018-02-21 17:50:26 #1 store] 
Database 'C:\Users\ignacio\eclipse-workspace\Bum3\db\Flights.odb' is opened by 11916@DESKTOP-P6FI1PA

[2018-02-21 17:50:26 #2 store] 
Configuration path: ?

[2018-02-21 17:50:26 #3 type] 
Type domain.Flight is not enhanced.

[2018-02-21 17:50:26 #4 type] 
Type domain.ConcreteFlight is not enhanced.

------------------------------------------------------------------------------------------------------------------------

[2018-02-21 17:56:11 #1 store] 
Database 'C:\Users\ignacio\eclipse-workspace\Bum3\db\Flights.odb' is opened by 16428@DESKTOP-P6FI1PA

[2018-02-21 17:56:11 #2 store] 
Configuration path: ?

[2018-02-21 17:56:11 #3 type] 
Type domain.Flight is not enhanced.

[2018-02-21 17:56:11 #4 type] 
Type domain.ConcreteFlight is not enhanced.

------------------------------------------------------------------------------------------------------------------------

[2018-02-21 18:10:50 #1 store] 
Database 'C:\Users\ignacio\eclipse-workspace\Bum3\db\Flights.odb' is opened by 820@DESKTOP-P6FI1PA

[2018-02-21 18:10:50 #2 store] 
Configuration path: ?

[2018-02-21 18:10:50 #3 type] 
Type domain.Flight is not enhanced.

[2018-02-21 18:10:50 #4 type] 
Type domain.ConcreteFlight is not enhanced.

------------------------------------------------------------------------------------------------------------------------

[2018-02-21 18:10:59 #1 store] 
Database 'C:\Users\ignacio\eclipse-workspace\Bum3\db\Flights.odb' is opened by 7252@DESKTOP-P6FI1PA

[2018-02-21 18:10:59 #2 store] 
Configuration path: ?

[2018-02-21 18:10:59 #3 type] 
Type domain.Flight is not enhanced.

[2018-02-21 18:10:59 #4 type] 
Type domain.ConcreteFlight is not enhanced.

------------------------------------------------------------------------------------------------------------------------

[2018-02-21 18:19:25 #1 store] 
Database 'C:\Users\ignacio\eclipse-workspace\Bum3\db\Flights.odb' is opened by 15484@DESKTOP-P6FI1PA

[2018-02-21 18:19:25 #2 store] 
Configuration path: ?

[2018-02-21 18:19:25 #3 type] 
Type domain.Flight is not enhanced.

[2018-02-21 18:19:25 #4 type] 
Type domain.ConcreteFlight is not enhanced.

------------------------------------------------------------------------------------------------------------------------

[2018-02-21 18:27:53 #1 store] 
Database 'C:\Users\ignacio\eclipse-workspace\Bum3\db\Flights.odb' is opened by 13992@DESKTOP-P6FI1PA

[2018-02-21 18:27:53 #2 store] 
Configuration path: ?

[2018-02-21 18:27:53 #3 type] 
Type domain.Flight is not enhanced.

[2018-02-21 18:27:53 #4 type] 
Type domain.ConcreteFlight is not enhanced.

------------------------------------------------------------------------------------------------------------------------

[2018-02-21 18:28:41 #1 store] 
Database 'C:\Users\ignacio\eclipse-workspace\Bum3\db\Flights.odb' is opened by 15100@DESKTOP-P6FI1PA

[2018-02-21 18:28:41 #2 store] 
Configuration path: ?

[2018-02-21 18:28:42 #3 type] 
Type domain.Flight is not enhanced.

[2018-02-21 18:28:42 #4 type] 
Type domain.ConcreteFlight is not enhanced.

------------------------------------------------------------------------------------------------------------------------

[2018-02-21 18:31:08 #1 store] 
Database 'C:\Users\ignacio\eclipse-workspace\Bum3\db\Flights.odb' is opened by 3428@DESKTOP-P6FI1PA

[2018-02-21 18:31:08 #2 store] 
Configuration path: ?

[2018-02-21 18:31:08 #3 type] 
Type domain.Flight is not enhanced.

[2018-02-21 18:31:08 #4 type] 
Type domain.ConcreteFlight is not enhanced.

------------------------------------------------------------------------------------------------------------------------

[2018-02-21 18:41:02 #1 store] 
Database 'C:\Users\ignacio\eclipse-workspace\Bum3\db\Flights.odb' is opened by 4280@DESKTOP-P6FI1PA

[2018-02-21 18:41:02 #2 store] 
Configuration path: ?

[2018-02-21 18:41:02 #3 type] 
Type domain.Flight is not enhanced.

[2018-02-21 18:41:02 #4 type] 
Type domain.ConcreteFlight is not enhanced.

------------------------------------------------------------------------------------------------------------------------

[2018-02-21 19:25:57 #1 store] 
Database 'C:\Users\ignacio\eclipse-workspace\Bum3\db\Flights.odb' is opened by 14084@DESKTOP-P6FI1PA

[2018-02-21 19:25:57 #2 store] 
Configuration path: ?

[2018-02-21 19:25:58 #3 type] 
Type domain.Flight is not enhanced.

[2018-02-21 19:25:58 #4 type] 
Type domain.ConcreteFlight is not enhanced.

------------------------------------------------------------------------------------------------------------------------

[2018-02-21 19:27:06 #1 store] 
Database 'C:\Users\ignacio\eclipse-workspace\Bum3\db\Flights.odb' is opened by 9804@DESKTOP-P6FI1PA

[2018-02-21 19:27:06 #2 store] 
Configuration path: ?

[2018-02-21 19:27:06 #3 type] 
Type domain.Flight is not enhanced.

[2018-02-21 19:27:06 #4 type] 
Type domain.ConcreteFlight is not enhanced.

------------------------------------------------------------------------------------------------------------------------

[2018-02-21 19:28:56 #1 store] 
Database 'C:\Users\ignacio\eclipse-workspace\Bum3\db\Flights.odb' is opened by 16848@DESKTOP-P6FI1PA

[2018-02-21 19:28:56 #2 store] 
Configuration path: ?

[2018-02-21 19:28:56 #3 type] 
Type domain.Flight is not enhanced.

[2018-02-21 19:28:56 #4 type] 
Type domain.ConcreteFlight is not enhanced.

------------------------------------------------------------------------------------------------------------------------

[2018-02-21 19:30:45 #1 store] 
Database 'C:\Users\ignacio\eclipse-workspace\Bum3\db\Flights.odb' is opened by 12352@DESKTOP-P6FI1PA

[2018-02-21 19:30:45 #2 store] 
Configuration path: ?

[2018-02-21 19:30:45 #3 type] 
Type domain.Flight is not enhanced.

[2018-02-21 19:30:45 #4 type] 
Type domain.ConcreteFlight is not enhanced.

------------------------------------------------------------------------------------------------------------------------

[2018-02-21 19:31:51 #1 store] 
Database 'C:\Users\ignacio\eclipse-workspace\Bum3\db\Flights.odb' is opened by 16084@DESKTOP-P6FI1PA

[2018-02-21 19:31:51 #2 store] 
Configuration path: ?

[2018-02-21 19:31:51 #3 type] 
Type domain.Flight is not enhanced.

[2018-02-21 19:31:51 #4 type] 
Type domain.ConcreteFlight is not enhanced.

------------------------------------------------------------------------------------------------------------------------

[2018-02-21 19:33:26 #1 store] 
Database 'C:\Users\ignacio\eclipse-workspace\Bum3\db\Flights.odb' is opened by 9168@DESKTOP-P6FI1PA

[2018-02-21 19:33:26 #2 store] 
Configuration path: ?

[2018-02-21 19:33:26 #3 type] 
Type domain.Flight is not enhanced.

[2018-02-21 19:33:26 #4 type] 
Type domain.ConcreteFlight is not enhanced.

------------------------------------------------------------------------------------------------------------------------

[2018-02-21 19:35:04 #1 store] 
Database 'C:\Users\ignacio\eclipse-workspace\Bum3\db\Flights.odb' is opened by 14208@DESKTOP-P6FI1PA

[2018-02-21 19:35:04 #2 store] 
Configuration path: ?

[2018-02-21 19:35:05 #3 type] 
Type domain.Flight is not enhanced.

[2018-02-21 19:35:05 #4 type] 
Type domain.ConcreteFlight is not enhanced.

------------------------------------------------------------------------------------------------------------------------

[2018-02-21 19:36:02 #1 store] 
Database 'C:\Users\ignacio\eclipse-workspace\Bum3\db\Flights.odb' is opened by 9156@DESKTOP-P6FI1PA

[2018-02-21 19:36:02 #2 store] 
Configuration path: ?

[2018-02-21 19:36:02 #3 type] 
Type domain.Flight is not enhanced.

[2018-02-21 19:36:02 #4 type] 
Type domain.ConcreteFlight is not enhanced.

------------------------------------------------------------------------------------------------------------------------

[2018-02-21 19:36:53 #1 store] 
Database 'C:\Users\ignacio\eclipse-workspace\Bum3\db\Flights.odb' is opened by 8668@DESKTOP-P6FI1PA

[2018-02-21 19:36:53 #2 store] 
Configuration path: ?

[2018-02-21 19:36:53 #3 type] 
Type domain.Flight is not enhanced.

[2018-02-21 19:36:53 #4 type] 
Type domain.ConcreteFlight is not enhanced.

------------------------------------------------------------------------------------------------------------------------

[2018-02-21 19:37:59 #1 store] 
Database 'C:\Users\ignacio\eclipse-workspace\Bum3\db\Flights.odb' is opened by 12044@DESKTOP-P6FI1PA

[2018-02-21 19:37:59 #2 store] 
Configuration path: ?

[2018-02-21 19:37:59 #3 type] 
Type domain.Flight is not enhanced.

[2018-02-21 19:37:59 #4 type] 
Type domain.ConcreteFlight is not enhanced.

------------------------------------------------------------------------------------------------------------------------

[2018-02-21 19:50:01 #1 store] 
Database 'C:\Users\ignacio\eclipse-workspace\Bum3\db\Flights.odb' is opened by 9672@DESKTOP-P6FI1PA

[2018-02-21 19:50:01 #2 store] 
Configuration path: ?

[2018-02-21 19:50:01 #3 type] 
Type domain.Flight is not enhanced.

[2018-02-21 19:50:01 #4 type] 
Type domain.ConcreteFlight is not enhanced.

------------------------------------------------------------------------------------------------------------------------

[2018-02-21 19:51:31 #1 store] 
Database 'C:\Users\ignacio\eclipse-workspace\Bum3\db\Flights.odb' is opened by 14144@DESKTOP-P6FI1PA

[2018-02-21 19:51:31 #2 store] 
Configuration path: ?

[2018-02-21 19:51:31 #3 type] 
Type domain.Flight is not enhanced.

[2018-02-21 19:51:31 #4 type] 
Type domain.ConcreteFlight is not enhanced.

------------------------------------------------------------------------------------------------------------------------

[2018-02-21 19:52:32 #1 store] 
Database 'C:\Users\ignacio\eclipse-workspace\Bum3\db\Flights.odb' is opened by 3772@DESKTOP-P6FI1PA

[2018-02-21 19:52:32 #2 store] 
Configuration path: ?

[2018-02-21 19:52:32 #3 type] 
Type domain.Flight is not enhanced.

[2018-02-21 19:52:32 #4 type] 
Type domain.ConcreteFlight is not enhanced.

------------------------------------------------------------------------------------------------------------------------

[2018-02-21 19:53:02 #1 store] 
Database 'C:\Users\ignacio\eclipse-workspace\Bum3\db\Flights.odb' is opened by 10680@DESKTOP-P6FI1PA

[2018-02-21 19:53:02 #2 store] 
Configuration path: ?

[2018-02-21 19:53:03 #3 type] 
Type domain.Flight is not enhanced.

[2018-02-21 19:53:03 #4 type] 
Type domain.ConcreteFlight is not enhanced.

------------------------------------------------------------------------------------------------------------------------

[2018-02-21 19:55:18 #1 store] 
Database 'C:\Users\ignacio\eclipse-workspace\Bum3\db\Flights.odb' is opened by 13912@DESKTOP-P6FI1PA

[2018-02-21 19:55:18 #2 store] 
Configuration path: ?

[2018-02-21 19:55:18 #3 type] 
Type domain.Flight is not enhanced.

[2018-02-21 19:55:18 #4 type] 
Type domain.ConcreteFlight is not enhanced.

------------------------------------------------------------------------------------------------------------------------

[2018-02-21 19:58:32 #1 store] 
Database 'C:\Users\ignacio\eclipse-workspace\Bum3\db\Flights.odb' is opened by 11280@DESKTOP-P6FI1PA

[2018-02-21 19:58:32 #2 store] 
Configuration path: ?

[2018-02-21 19:58:32 #3 type] 
Type domain.Flight is not enhanced.

[2018-02-21 19:58:32 #4 type] 
Type domain.ConcreteFlight is not enhanced.

------------------------------------------------------------------------------------------------------------------------

[2018-02-21 20:03:16 #1 store] 
Database 'C:\Users\ignacio\eclipse-workspace\Bum3\db\Flights.odb' is opened by 13072@DESKTOP-P6FI1PA

[2018-02-21 20:03:16 #2 store] 
Configuration path: ?

[2018-02-21 20:03:16 #3 type] 
Type domain.Flight is not enhanced.

[2018-02-21 20:03:16 #4 type] 
Type domain.ConcreteFlight is not enhanced.

------------------------------------------------------------------------------------------------------------------------

[2018-02-21 20:05:59 #1 store] 
Database 'C:\Users\ignacio\eclipse-workspace\Bum3\db\Flights.odb' is opened by 8932@DESKTOP-P6FI1PA

[2018-02-21 20:05:59 #2 store] 
Configuration path: ?

[2018-02-21 20:05:59 #3 type] 
Type domain.Flight is not enhanced.

[2018-02-21 20:05:59 #4 type] 
Type domain.ConcreteFlight is not enhanced.

------------------------------------------------------------------------------------------------------------------------

[2018-02-21 20:07:02 #1 store] 
Database 'C:\Users\ignacio\eclipse-workspace\Bum3\db\Flights.odb' is opened by 17328@DESKTOP-P6FI1PA

[2018-02-21 20:07:02 #2 store] 
Configuration path: ?

[2018-02-21 20:07:02 #3 type] 
Type domain.Flight is not enhanced.

[2018-02-21 20:07:02 #4 type] 
Type domain.ConcreteFlight is not enhanced.

------------------------------------------------------------------------------------------------------------------------

[2018-02-21 20:09:01 #1 store] 
Database 'C:\Users\ignacio\eclipse-workspace\Bum3\db\Flights.odb' is opened by 8896@DESKTOP-P6FI1PA

[2018-02-21 20:09:01 #2 store] 
Configuration path: ?

[2018-02-21 20:09:01 #3 type] 
Type domain.Flight is not enhanced.

[2018-02-21 20:09:01 #4 type] 
Type domain.ConcreteFlight is not enhanced.

------------------------------------------------------------------------------------------------------------------------

[2018-02-21 20:14:43 #1 store] 
Database 'C:\Users\ignacio\eclipse-workspace\Bum3\db\Flights.odb' is opened by 16904@DESKTOP-P6FI1PA

[2018-02-21 20:14:43 #2 store] 
Configuration path: ?

[2018-02-21 20:14:43 #3 type] 
Type domain.Flight is not enhanced.

[2018-02-21 20:14:43 #4 type] 
Type domain.ConcreteFlight is not enhanced.

------------------------------------------------------------------------------------------------------------------------

[2018-02-21 20:18:11 #1 store] 
Database 'C:\Users\ignacio\eclipse-workspace\Bum3\db\Flights.odb' is opened by 14992@DESKTOP-P6FI1PA

[2018-02-21 20:18:11 #2 store] 
Configuration path: ?

[2018-02-21 20:18:11 #3 type] 
Type domain.Flight is not enhanced.

[2018-02-21 20:18:11 #4 type] 
Type domain.ConcreteFlight is not enhanced.

------------------------------------------------------------------------------------------------------------------------

[2018-02-21 20:30:38 #1 store] 
Database 'C:\Users\ignacio\eclipse-workspace\Bum3\db\Flights.odb' is opened by 13600@DESKTOP-P6FI1PA

[2018-02-21 20:30:38 #2 store] 
Configuration path: ?

[2018-02-21 20:30:39 #3 type] 
Type domain.Flight is not enhanced.

[2018-02-21 20:30:39 #4 type] 
Type domain.ConcreteFlight is not enhanced.

------------------------------------------------------------------------------------------------------------------------

[2018-02-21 20:32:44 #1 store] 
Database 'C:\Users\ignacio\eclipse-workspace\Bum3\db\Flights.odb' is opened by 6168@DESKTOP-P6FI1PA

[2018-02-21 20:32:44 #2 store] 
Configuration path: ?

[2018-02-21 20:32:44 #3 type] 
Type domain.Flight is not enhanced.

[2018-02-21 20:32:44 #4 type] 
Type domain.ConcreteFlight is not enhanced.

------------------------------------------------------------------------------------------------------------------------

[2018-02-21 20:33:37 #1 store] 
Database 'C:\Users\ignacio\eclipse-workspace\Bum3\db\Flights.odb' is opened by 12440@DESKTOP-P6FI1PA

[2018-02-21 20:33:37 #2 store] 
Configuration path: ?

[2018-02-21 20:33:37 #3 type] 
Type domain.Flight is not enhanced.

[2018-02-21 20:33:37 #4 type] 
Type domain.ConcreteFlight is not enhanced.

------------------------------------------------------------------------------------------------------------------------

[2018-02-21 20:34:31 #1 store] 
Database 'C:\Users\ignacio\eclipse-workspace\Bum3\db\Flights.odb' is opened by 16816@DESKTOP-P6FI1PA

[2018-02-21 20:34:31 #2 store] 
Configuration path: ?

[2018-02-21 20:34:31 #3 type] 
Type domain.Flight is not enhanced.

[2018-02-21 20:34:31 #4 type] 
Type domain.ConcreteFlight is not enhanced.

------------------------------------------------------------------------------------------------------------------------

[2018-02-21 20:35:48 #1 store] 
Database 'C:\Users\ignacio\eclipse-workspace\Bum3\db\Flights.odb' is opened by 13980@DESKTOP-P6FI1PA

[2018-02-21 20:35:48 #2 store] 
Configuration path: ?

[2018-02-21 20:35:49 #3 type] 
Type domain.Flight is not enhanced.

[2018-02-21 20:35:49 #4 type] 
Type domain.ConcreteFlight is not enhanced.

------------------------------------------------------------------------------------------------------------------------

[2018-02-21 20:54:14 #1 store] 
Database 'C:\Users\ignacio\eclipse-workspace\Bum3\db\Flights.odb' is opened by 12620@DESKTOP-P6FI1PA

[2018-02-21 20:54:14 #2 store] 
Configuration path: ?

[2018-02-21 20:54:14 #3 type] 
Type domain.Flight is not enhanced.

[2018-02-21 20:54:14 #4 type] 
Type domain.ConcreteFlight is not enhanced.

------------------------------------------------------------------------------------------------------------------------

[2018-02-21 20:58:21 #1 store] 
Database 'C:\Users\ignacio\eclipse-workspace\Bum3\db\Flights.odb' is opened by 13636@DESKTOP-P6FI1PA

[2018-02-21 20:58:21 #2 store] 
Configuration path: ?

[2018-02-21 20:58:21 #3 type] 
Type domain.Flight is not enhanced.

[2018-02-21 20:58:21 #4 type] 
Type domain.ConcreteFlight is not enhanced.

------------------------------------------------------------------------------------------------------------------------

[2018-02-21 20:59:05 #1 store] 
Database 'C:\Users\ignacio\eclipse-workspace\Bum3\db\Flights.odb' is opened by 13544@DESKTOP-P6FI1PA

[2018-02-21 20:59:05 #2 store] 
Configuration path: ?

[2018-02-21 20:59:05 #3 type] 
Type domain.Flight is not enhanced.

[2018-02-21 20:59:05 #4 type] 
Type domain.ConcreteFlight is not enhanced.

------------------------------------------------------------------------------------------------------------------------

[2018-02-21 20:59:44 #1 store] 
Database 'C:\Users\ignacio\eclipse-workspace\Bum3\db\Flights.odb' is opened by 16432@DESKTOP-P6FI1PA

[2018-02-21 20:59:44 #2 store] 
Configuration path: ?

[2018-02-21 20:59:44 #3 type] 
Type domain.Flight is not enhanced.

[2018-02-21 20:59:44 #4 type] 
Type domain.ConcreteFlight is not enhanced.

------------------------------------------------------------------------------------------------------------------------

[2018-02-21 21:00:12 #1 store] 
Database 'C:\Users\ignacio\eclipse-workspace\Bum3\db\Flights.odb' is opened by 5748@DESKTOP-P6FI1PA

[2018-02-21 21:00:12 #2 store] 
Configuration path: ?

[2018-02-21 21:00:13 #3 type] 
Type domain.Flight is not enhanced.

[2018-02-21 21:00:13 #4 type] 
Type domain.ConcreteFlight is not enhanced.

------------------------------------------------------------------------------------------------------------------------

[2018-02-21 21:02:24 #1 store] 
Database 'C:\Users\ignacio\eclipse-workspace\Bum3\db\Flights.odb' is opened by 15552@DESKTOP-P6FI1PA

[2018-02-21 21:02:24 #2 store] 
Configuration path: ?

[2018-02-21 21:02:24 #3 type] 
Type domain.Flight is not enhanced.

[2018-02-21 21:02:24 #4 type] 
Type domain.ConcreteFlight is not enhanced.

------------------------------------------------------------------------------------------------------------------------

[2018-02-21 21:13:56 #1 store] 
Database 'C:\Users\ignacio\eclipse-workspace\Bum3\db\Flights.odb' is opened by 17012@DESKTOP-P6FI1PA

[2018-02-21 21:13:56 #2 store] 
Configuration path: ?

[2018-02-21 21:13:56 #3 type] 
Type domain.Flight is not enhanced.

[2018-02-21 21:13:56 #4 type] 
Type domain.ConcreteFlight is not enhanced.

------------------------------------------------------------------------------------------------------------------------

[2018-02-21 21:17:47 #1 store] 
Database 'C:\Users\ignacio\eclipse-workspace\Bum3\db\Flights.odb' is opened by 7348@DESKTOP-P6FI1PA

[2018-02-21 21:17:47 #2 store] 
Configuration path: ?

[2018-02-21 21:17:47 #3 type] 
Type domain.Flight is not enhanced.

[2018-02-21 21:17:47 #4 type] 
Type domain.ConcreteFlight is not enhanced.

------------------------------------------------------------------------------------------------------------------------

[2018-02-21 21:18:35 #1 store] 
Database 'C:\Users\ignacio\eclipse-workspace\Bum3\db\Flights.odb' is opened by 6132@DESKTOP-P6FI1PA

[2018-02-21 21:18:35 #2 store] 
Configuration path: ?

[2018-02-21 21:18:36 #3 type] 
Type domain.Flight is not enhanced.

[2018-02-21 21:18:36 #4 type] 
Type domain.ConcreteFlight is not enhanced.

------------------------------------------------------------------------------------------------------------------------

[2018-02-21 21:20:28 #1 store] 
Database 'C:\Users\ignacio\eclipse-workspace\Bum3\db\Flights.odb' is opened by 212@DESKTOP-P6FI1PA

[2018-02-21 21:20:28 #2 store] 
Configuration path: ?

[2018-02-21 21:20:29 #3 type] 
Type domain.Flight is not enhanced.

[2018-02-21 21:20:29 #4 type] 
Type domain.ConcreteFlight is not enhanced.

------------------------------------------------------------------------------------------------------------------------

[2018-02-21 21:21:19 #1 store] 
Database 'C:\Users\ignacio\eclipse-workspace\Bum3\db\Flights.odb' is opened by 8932@DESKTOP-P6FI1PA

[2018-02-21 21:21:19 #2 store] 
Configuration path: ?

[2018-02-21 21:21:19 #3 type] 
Type domain.Flight is not enhanced.

[2018-02-21 21:21:19 #4 type] 
Type domain.ConcreteFlight is not enhanced.

------------------------------------------------------------------------------------------------------------------------

[2018-02-21 21:25:50 #1 store] 
Database 'C:\Users\ignacio\eclipse-workspace\Bum3\db\Flights.odb' is opened by 5644@DESKTOP-P6FI1PA

[2018-02-21 21:25:50 #2 store] 
Configuration path: ?

[2018-02-21 21:25:50 #3 type] 
Type domain.Flight is not enhanced.

[2018-02-21 21:25:50 #4 type] 
Type domain.ConcreteFlight is not enhanced.

------------------------------------------------------------------------------------------------------------------------

[2018-02-21 21:48:12 #1 store] 
Database 'C:\Users\ignacio\eclipse-workspace\Bum3\db\Flights.odb' is opened by 9312@DESKTOP-P6FI1PA

[2018-02-21 21:48:12 #2 store] 
Configuration path: ?

[2018-02-21 21:48:13 #3 type] 
Type domain.Flight is not enhanced.

[2018-02-21 21:48:13 #4 type] 
Type domain.ConcreteFlight is not enhanced.

------------------------------------------------------------------------------------------------------------------------

[2018-02-21 21:54:50 #1 store] 
Database 'C:\Users\ignacio\eclipse-workspace\Bum3\db\Flights.odb' is opened by 10992@DESKTOP-P6FI1PA

[2018-02-21 21:54:50 #2 store] 
Configuration path: ?

[2018-02-21 21:54:50 #3 type] 
Type domain.Flight is not enhanced.

[2018-02-21 21:54:50 #4 type] 
Type domain.ConcreteFlight is not enhanced.

------------------------------------------------------------------------------------------------------------------------

[2018-02-21 21:55:48 #1 store] 
Database 'C:\Users\ignacio\eclipse-workspace\Bum3\db\Flights.odb' is opened by 6104@DESKTOP-P6FI1PA

[2018-02-21 21:55:48 #2 store] 
Configuration path: ?

[2018-02-21 21:55:48 #3 type] 
Type domain.Flight is not enhanced.

[2018-02-21 21:55:48 #4 type] 
Type domain.ConcreteFlight is not enhanced.

------------------------------------------------------------------------------------------------------------------------

[2018-02-21 22:48:06 #1 store] 
Database 'C:\Users\ignacio\eclipse-workspace\Bum3\db\Flights2.odb' is opened by 6080@DESKTOP-P6FI1PA

[2018-02-21 22:48:06 #2 store] 
Configuration path: ?

[2018-02-21 22:48:06 #3 type] 
Type domain.Flight is not enhanced.

[2018-02-21 22:48:06 #4 type] 
Type domain.ConcreteFlight is not enhanced.

------------------------------------------------------------------------------------------------------------------------

[2018-02-21 22:51:09 #1 store] 
Database 'C:\Users\ignacio\eclipse-workspace\Bum3\db\Flights2.odb' has been recovered (tr. 9-9)

[2018-02-21 22:51:09 #2 store] 
Database 'C:\Users\ignacio\eclipse-workspace\Bum3\db\Flights2.odb' is opened by 12336@DESKTOP-P6FI1PA

[2018-02-21 22:51:09 #3 store] 
Configuration path: ?

[2018-02-21 22:51:09 #4 type] 
Type domain.Flight is not enhanced.

[2018-02-21 22:51:09 #5 type] 
Type domain.ConcreteFlight is not enhanced.

