------------------------------------------------------------------------------------------------------------------------

[2018-05-02 20:57:37 #1 store] 
Database 'C:\Users\ignacio\eclipse-workspace\AeroplofServer\db\Flights2.odb' is opened by 12256@DESKTOP-P6FI1PA

[2018-05-02 20:57:37 #2 store] 
Configuration path: ?

------------------------------------------------------------------------------------------------------------------------

[2018-05-02 21:00:56 #1 store] 
Database 'C:\Users\ignacio\eclipse-workspace\AeroplofServer\db\Flights2.odb' is opened by 13928@DESKTOP-P6FI1PA

[2018-05-02 21:00:56 #2 store] 
Configuration path: ?

------------------------------------------------------------------------------------------------------------------------

[2018-05-02 21:01:43 #1 store] 
Database 'C:\Users\ignacio\eclipse-workspace\AeroplofServer\db\Flights2.odb' is opened by 10456@DESKTOP-P6FI1PA

[2018-05-02 21:01:43 #2 store] 
Configuration path: ?

------------------------------------------------------------------------------------------------------------------------

[2018-05-02 21:04:46 #1 store] 
Database 'C:\Users\ignacio\eclipse-workspace\AeroplofServer\db\Flights2.odb' is opened by 16376@DESKTOP-P6FI1PA

[2018-05-02 21:04:46 #2 store] 
Configuration path: ?

------------------------------------------------------------------------------------------------------------------------

[2018-05-02 21:06:25 #1 store] 
Database 'C:\Users\ignacio\eclipse-workspace\AeroplofServer\db\Flights2.odb' is opened by 1624@DESKTOP-P6FI1PA

[2018-05-02 21:06:25 #2 store] 
Configuration path: ?

------------------------------------------------------------------------------------------------------------------------

[2018-05-02 21:07:23 #1 store] 
Database 'C:\Users\ignacio\eclipse-workspace\AeroplofServer\db\Flights2.odb' is opened by 10556@DESKTOP-P6FI1PA

[2018-05-02 21:07:23 #2 store] 
Configuration path: ?

------------------------------------------------------------------------------------------------------------------------

[2018-05-02 21:09:24 #1 store] 
Database 'C:\Users\ignacio\eclipse-workspace\AeroplofServer\db\Flights2.odb' is opened by 11704@DESKTOP-P6FI1PA

[2018-05-02 21:09:24 #2 store] 
Configuration path: ?

------------------------------------------------------------------------------------------------------------------------

[2018-05-02 21:12:48 #1 store] 
Database 'C:\Users\ignacio\eclipse-workspace\AeroplofServer\db\Flights2.odb' is opened by 3696@DESKTOP-P6FI1PA

[2018-05-02 21:12:48 #2 store] 
Configuration path: ?

------------------------------------------------------------------------------------------------------------------------

[2018-05-02 21:13:59 #1 store] 
Database 'C:\Users\ignacio\eclipse-workspace\AeroplofServer\db\Flights2.odb' is opened by 6036@DESKTOP-P6FI1PA

[2018-05-02 21:13:59 #2 store] 
Configuration path: ?

------------------------------------------------------------------------------------------------------------------------

[2018-05-02 21:15:44 #1 store] 
Database 'C:\Users\ignacio\eclipse-workspace\AeroplofServer\db\Flights2.odb' is opened by 15252@DESKTOP-P6FI1PA

[2018-05-02 21:15:44 #2 store] 
Configuration path: ?

------------------------------------------------------------------------------------------------------------------------

[2018-05-02 21:19:00 #1 store] 
Database 'C:\Users\ignacio\eclipse-workspace\AeroplofServer\db\Flights2.odb' is opened by 1064@DESKTOP-P6FI1PA

[2018-05-02 21:19:00 #2 store] 
Configuration path: ?

------------------------------------------------------------------------------------------------------------------------

[2018-05-02 21:21:55 #1 store] 
Database 'C:\Users\ignacio\eclipse-workspace\AeroplofServer\db\Flights2.odb' is opened by 444@DESKTOP-P6FI1PA

[2018-05-02 21:21:55 #2 store] 
Configuration path: ?

------------------------------------------------------------------------------------------------------------------------

[2018-05-02 21:24:00 #1 store] 
Database 'C:\Users\ignacio\eclipse-workspace\AeroplofServer\db\Flights2.odb' is opened by 13196@DESKTOP-P6FI1PA

[2018-05-02 21:24:00 #2 store] 
Configuration path: ?

------------------------------------------------------------------------------------------------------------------------

[2018-05-02 21:24:21 #1 store] 
Database 'C:\Users\ignacio\eclipse-workspace\AeroplofServer\db\Flights2.odb' is opened by 13500@DESKTOP-P6FI1PA

[2018-05-02 21:24:21 #2 store] 
Configuration path: ?

------------------------------------------------------------------------------------------------------------------------

[2018-05-02 21:24:57 #1 store] 
Database 'C:\Users\ignacio\eclipse-workspace\AeroplofServer\db\Flights2.odb' is opened by 13920@DESKTOP-P6FI1PA

[2018-05-02 21:24:57 #2 store] 
Configuration path: ?

------------------------------------------------------------------------------------------------------------------------

[2018-05-02 21:30:21 #1 store] 
Database 'C:\Users\ignacio\eclipse-workspace\AeroplofServer\db\Flights2.odb' is opened by 14768@DESKTOP-P6FI1PA

[2018-05-02 21:30:21 #2 store] 
Configuration path: ?

------------------------------------------------------------------------------------------------------------------------

[2018-05-02 21:31:03 #1 store] 
Database 'C:\Users\ignacio\eclipse-workspace\AeroplofServer\db\Flights2.odb' is opened by 15916@DESKTOP-P6FI1PA

[2018-05-02 21:31:03 #2 store] 
Configuration path: ?

------------------------------------------------------------------------------------------------------------------------

[2018-05-02 21:31:05 #1 store] 
Database 'C:\Users\ignacio\eclipse-workspace\AeroplofServer\db\Flights2.odb' is opened by 16108@DESKTOP-P6FI1PA

[2018-05-02 21:31:05 #2 store] 
Configuration path: ?

------------------------------------------------------------------------------------------------------------------------

[2018-05-02 21:31:44 #1 store] 
Database 'C:\Users\ignacio\eclipse-workspace\AeroplofServer\db\Flights2.odb' is opened by 3168@DESKTOP-P6FI1PA

[2018-05-02 21:31:44 #2 store] 
Configuration path: ?

------------------------------------------------------------------------------------------------------------------------

[2018-05-02 21:38:04 #1 store] 
Database 'C:\Users\ignacio\eclipse-workspace\AeroplofServer\db\Flights2.odb' is opened by 276@DESKTOP-P6FI1PA

[2018-05-02 21:38:04 #2 store] 
Configuration path: ?

------------------------------------------------------------------------------------------------------------------------

[2018-05-02 21:42:22 #1 store] 
Database 'C:\Users\ignacio\eclipse-workspace\AeroplofServer\db\Flights2.odb' is opened by 12908@DESKTOP-P6FI1PA

[2018-05-02 21:42:22 #2 store] 
Configuration path: ?

------------------------------------------------------------------------------------------------------------------------

[2018-05-02 21:45:40 #1 store] 
Database 'C:\Users\ignacio\eclipse-workspace\AeroplofServer\db\Flights2.odb' is opened by 5492@DESKTOP-P6FI1PA

[2018-05-02 21:45:40 #2 store] 
Configuration path: ?

[2018-05-02 21:45:40 #3 type] 
Type domain.Flight is not enhanced.

[2018-05-02 21:45:40 #4 type] 
Type domain.ConcreteFlight is not enhanced.

------------------------------------------------------------------------------------------------------------------------

[2018-05-02 21:52:49 #1 store] 
Database 'C:\Users\ignacio\eclipse-workspace\AeroplofServer\db\Flights2.odb' has been recovered (tr. 11-11)

[2018-05-02 21:52:49 #2 store] 
Database 'C:\Users\ignacio\eclipse-workspace\AeroplofServer\db\Flights2.odb' is opened by 9652@DESKTOP-P6FI1PA

[2018-05-02 21:52:49 #3 store] 
Configuration path: ?

[2018-05-02 21:52:49 #4 type] 
Type domain.Flight is not enhanced.

[2018-05-02 21:52:49 #5 type] 
Type domain.ConcreteFlight is not enhanced.

------------------------------------------------------------------------------------------------------------------------

[2018-05-02 21:54:12 #1 store] 
Database 'C:\Users\ignacio\eclipse-workspace\AeroplofServer\db\Flights2.odb' is opened by 15684@DESKTOP-P6FI1PA

[2018-05-02 21:54:12 #2 store] 
Configuration path: ?

[2018-05-02 21:54:12 #3 type] 
Type domain.Flight is not enhanced.

[2018-05-02 21:54:12 #4 type] 
Type domain.ConcreteFlight is not enhanced.

------------------------------------------------------------------------------------------------------------------------

[2018-05-02 22:12:59 #1 store] 
Database 'C:\Users\ignacio\eclipse-workspace\AeroplofServer\db\Flights2.odb' is opened by 13420@DESKTOP-P6FI1PA

[2018-05-02 22:12:59 #2 store] 
Configuration path: ?

[2018-05-02 22:12:59 #3 type] 
Type domain.Flight is not enhanced.

[2018-05-02 22:12:59 #4 type] 
Type domain.ConcreteFlight is not enhanced.

------------------------------------------------------------------------------------------------------------------------

[2018-05-02 22:13:59 #1 store] 
Database 'C:\Users\ignacio\eclipse-workspace\AeroplofServer\db\Flights2.odb' is opened by 8764@DESKTOP-P6FI1PA

[2018-05-02 22:13:59 #2 store] 
Configuration path: ?

[2018-05-02 22:13:59 #3 type] 
Type domain.Flight is not enhanced.

[2018-05-02 22:13:59 #4 type] 
Type domain.ConcreteFlight is not enhanced.

------------------------------------------------------------------------------------------------------------------------

[2018-05-02 22:15:01 #1 store] 
Database 'C:\Users\ignacio\eclipse-workspace\AeroplofServer\db\Flights2.odb' is opened by 13052@DESKTOP-P6FI1PA

[2018-05-02 22:15:01 #2 store] 
Configuration path: ?

[2018-05-02 22:15:01 #3 type] 
Type domain.Flight is not enhanced.

[2018-05-02 22:15:01 #4 type] 
Type domain.ConcreteFlight is not enhanced.

------------------------------------------------------------------------------------------------------------------------

[2018-05-02 22:15:03 #1 store] 
Database 'C:\Users\ignacio\eclipse-workspace\AeroplofServer\db\Flights2.odb' is opened by 10528@DESKTOP-P6FI1PA

[2018-05-02 22:15:03 #2 store] 
Configuration path: ?

[2018-05-02 22:15:03 #3 type] 
Type domain.Flight is not enhanced.

[2018-05-02 22:15:03 #4 type] 
Type domain.ConcreteFlight is not enhanced.

------------------------------------------------------------------------------------------------------------------------

[2018-05-02 22:16:07 #1 store] 
Database 'C:\Users\ignacio\eclipse-workspace\AeroplofServer\db\Flights2.odb' is opened by 204@DESKTOP-P6FI1PA

[2018-05-02 22:16:07 #2 store] 
Configuration path: ?

[2018-05-02 22:16:07 #3 type] 
Type domain.Flight is not enhanced.

[2018-05-02 22:16:07 #4 type] 
Type domain.ConcreteFlight is not enhanced.

------------------------------------------------------------------------------------------------------------------------

[2018-05-02 22:16:09 #1 store] 
Database 'C:\Users\ignacio\eclipse-workspace\AeroplofServer\db\Flights2.odb' is opened by 12368@DESKTOP-P6FI1PA

[2018-05-02 22:16:09 #2 store] 
Configuration path: ?

[2018-05-02 22:16:09 #3 type] 
Type domain.Flight is not enhanced.

[2018-05-02 22:16:09 #4 type] 
Type domain.ConcreteFlight is not enhanced.

------------------------------------------------------------------------------------------------------------------------

[2018-05-02 22:17:24 #1 store] 
Database 'C:\Users\ignacio\eclipse-workspace\AeroplofServer\db\Flights2.odb' is opened by 10328@DESKTOP-P6FI1PA

[2018-05-02 22:17:24 #2 store] 
Configuration path: ?

[2018-05-02 22:17:24 #3 type] 
Type domain.Flight is not enhanced.

[2018-05-02 22:17:24 #4 type] 
Type domain.ConcreteFlight is not enhanced.

------------------------------------------------------------------------------------------------------------------------

[2018-05-02 22:17:26 #1 store] 
Database 'C:\Users\ignacio\eclipse-workspace\AeroplofServer\db\Flights2.odb' has been recovered (tr. 12-12)

[2018-05-02 22:17:26 #2 store] 
Database 'C:\Users\ignacio\eclipse-workspace\AeroplofServer\db\Flights2.odb' is opened by 2272@DESKTOP-P6FI1PA

[2018-05-02 22:17:26 #3 store] 
Configuration path: ?

[2018-05-02 22:17:26 #4 type] 
Type domain.Flight is not enhanced.

[2018-05-02 22:17:26 #5 type] 
Type domain.ConcreteFlight is not enhanced.

------------------------------------------------------------------------------------------------------------------------

[2018-05-02 22:18:17 #1 store] 
Database 'C:\Users\ignacio\eclipse-workspace\AeroplofServer\db\Flights2.odb' is opened by 9068@DESKTOP-P6FI1PA

[2018-05-02 22:18:17 #2 store] 
Configuration path: ?

[2018-05-02 22:18:17 #3 type] 
Type domain.Flight is not enhanced.

[2018-05-02 22:18:17 #4 type] 
Type domain.ConcreteFlight is not enhanced.

------------------------------------------------------------------------------------------------------------------------

[2018-05-02 22:22:06 #1 store] 
Database 'C:\Users\ignacio\eclipse-workspace\AeroplofServer\db\Flights2.odb' is opened by 6432@DESKTOP-P6FI1PA

[2018-05-02 22:22:06 #2 store] 
Configuration path: ?

[2018-05-02 22:22:06 #3 type] 
Type domain.Flight is not enhanced.

[2018-05-02 22:22:06 #4 type] 
Type domain.ConcreteFlight is not enhanced.

------------------------------------------------------------------------------------------------------------------------

[2018-05-02 23:25:47 #1 store] 
Database 'C:\Users\ignacio\eclipse-workspace\AeroplofServer\db\Flights2.odb' has been recovered (tr. 13-13)

[2018-05-02 23:25:47 #2 store] 
Database 'C:\Users\ignacio\eclipse-workspace\AeroplofServer\db\Flights2.odb' is opened by 7660@DESKTOP-P6FI1PA

[2018-05-02 23:25:47 #3 store] 
Configuration path: ?

[2018-05-02 23:25:47 #4 type] 
Type domain.Flight is not enhanced.

[2018-05-02 23:25:47 #5 type] 
Type domain.ConcreteFlight is not enhanced.

