------------------------------------------------------------------------------------------------------------------------

[2018-02-20 15:19:56 #1 store] 
Database 'C:\Users\ignacio\eclipse-workspace\Bum3\db\Flights.odb' is opened by 3028@DESKTOP-P6FI1PA

[2018-02-20 15:19:56 #2 store] 
Configuration path: ?

------------------------------------------------------------------------------------------------------------------------

[2018-02-20 15:21:01 #1 store] 
Database 'C:\Users\ignacio\eclipse-workspace\Bum3\db\Flights.odb' is opened by 14088@DESKTOP-P6FI1PA

[2018-02-20 15:21:01 #2 store] 
Configuration path: ?

------------------------------------------------------------------------------------------------------------------------

[2018-02-20 15:27:46 #1 store] 
Database 'C:\Users\ignacio\eclipse-workspace\Bum3\db\Flights.odb' is opened by 13724@DESKTOP-P6FI1PA

[2018-02-20 15:27:46 #2 store] 
Configuration path: ?

------------------------------------------------------------------------------------------------------------------------

[2018-02-20 15:28:39 #1 store] 
Database 'C:\Users\ignacio\eclipse-workspace\Bum3\db\Flights.odb' is opened by 8272@DESKTOP-P6FI1PA

[2018-02-20 15:28:39 #2 store] 
Configuration path: ?

------------------------------------------------------------------------------------------------------------------------

[2018-02-20 15:33:55 #1 store] 
Database 'C:\Users\ignacio\eclipse-workspace\Bum3\db\Flights.odb' is opened by 1444@DESKTOP-P6FI1PA

[2018-02-20 15:33:55 #2 store] 
Configuration path: ?

------------------------------------------------------------------------------------------------------------------------

[2018-02-20 15:36:35 #1 store] 
Database 'C:\Users\ignacio\eclipse-workspace\Bum3\db\Flights.odb' is opened by 732@DESKTOP-P6FI1PA

[2018-02-20 15:36:35 #2 store] 
Configuration path: ?

------------------------------------------------------------------------------------------------------------------------

[2018-02-20 15:40:01 #1 store] 
Database 'C:\Users\ignacio\eclipse-workspace\Bum3\db\Flights.odb' is opened by 10648@DESKTOP-P6FI1PA

[2018-02-20 15:40:01 #2 store] 
Configuration path: ?

------------------------------------------------------------------------------------------------------------------------

[2018-02-20 15:47:47 #1 store] 
Database 'C:\Users\ignacio\eclipse-workspace\Bum3\db\Flights.odb' is opened by 5016@DESKTOP-P6FI1PA

[2018-02-20 15:47:47 #2 store] 
Configuration path: ?

------------------------------------------------------------------------------------------------------------------------

[2018-02-20 15:49:58 #1 store] 
Database 'C:\Users\ignacio\eclipse-workspace\Bum3\db\Flights.odb' is opened by 9256@DESKTOP-P6FI1PA

[2018-02-20 15:49:58 #2 store] 
Configuration path: ?

[2018-02-20 15:49:58 #3 type] 
Type domain.Flight is not enhanced.

------------------------------------------------------------------------------------------------------------------------

[2018-02-20 15:50:55 #1 store] 
Database 'C:\Users\ignacio\eclipse-workspace\Bum3\db\Flights.odb' has been recovered (tr. 8-8)

[2018-02-20 15:50:56 #2 store] 
Database 'C:\Users\ignacio\eclipse-workspace\Bum3\db\Flights.odb' is opened by 12876@DESKTOP-P6FI1PA

[2018-02-20 15:50:56 #3 store] 
Configuration path: ?

[2018-02-20 15:50:56 #4 type] 
Type domain.Flight is not enhanced.

[2018-02-20 15:50:56 #5 type] 
Type domain.ConcreteFlight is not enhanced.

------------------------------------------------------------------------------------------------------------------------

[2018-02-20 15:51:04 #1 store] 
Database 'C:\Users\ignacio\eclipse-workspace\Bum3\db\Flights.odb' has been recovered (tr. 9-9)

[2018-02-20 15:51:04 #2 store] 
Database 'C:\Users\ignacio\eclipse-workspace\Bum3\db\Flights.odb' is opened by 13852@DESKTOP-P6FI1PA

[2018-02-20 15:51:04 #3 store] 
Configuration path: ?

[2018-02-20 15:51:04 #4 type] 
Type domain.Flight is not enhanced.

[2018-02-20 15:51:04 #5 type] 
Type domain.ConcreteFlight is not enhanced.

------------------------------------------------------------------------------------------------------------------------

[2018-02-20 15:54:34 #1 store] 
Database 'C:\Users\ignacio\eclipse-workspace\Bum3\db\Flights.odb' is opened by 9268@DESKTOP-P6FI1PA

[2018-02-20 15:54:34 #2 store] 
Configuration path: ?

[2018-02-20 15:54:34 #3 type] 
Type domain.Flight is not enhanced.

[2018-02-20 15:54:34 #4 type] 
Type domain.ConcreteFlight is not enhanced.

------------------------------------------------------------------------------------------------------------------------

[2018-02-20 15:58:49 #1 store] 
Database 'C:\Users\ignacio\eclipse-workspace\Bum3\db\Flights.odb' has been recovered (tr. 10-10)

[2018-02-20 15:58:49 #2 store] 
Database 'C:\Users\ignacio\eclipse-workspace\Bum3\db\Flights.odb' is opened by 2164@DESKTOP-P6FI1PA

[2018-02-20 15:58:49 #3 store] 
Configuration path: ?

[2018-02-20 15:58:49 #4 type] 
Type domain.Flight is not enhanced.

[2018-02-20 15:58:49 #5 type] 
Type domain.ConcreteFlight is not enhanced.

------------------------------------------------------------------------------------------------------------------------

[2018-02-20 16:00:37 #1 store] 
Database 'C:\Users\ignacio\eclipse-workspace\Bum3\db\Flights.odb' has been recovered (tr. 11-12)

[2018-02-20 16:00:37 #2 store] 
Database 'C:\Users\ignacio\eclipse-workspace\Bum3\db\Flights.odb' is opened by 12568@DESKTOP-P6FI1PA

[2018-02-20 16:00:37 #3 store] 
Configuration path: ?

[2018-02-20 16:00:37 #4 type] 
Type domain.Flight is not enhanced.

[2018-02-20 16:00:37 #5 type] 
Type domain.ConcreteFlight is not enhanced.

------------------------------------------------------------------------------------------------------------------------

[2018-02-20 16:04:58 #1 store] 
Database 'C:\Users\ignacio\eclipse-workspace\Bum3\db\Flights.odb' is opened by 13816@DESKTOP-P6FI1PA

[2018-02-20 16:04:58 #2 store] 
Configuration path: ?

[2018-02-20 16:04:58 #3 type] 
Type domain.Flight is not enhanced.

[2018-02-20 16:04:58 #4 type] 
Type domain.ConcreteFlight is not enhanced.

------------------------------------------------------------------------------------------------------------------------

[2018-02-20 16:07:54 #1 store] 
Database 'C:\Users\ignacio\eclipse-workspace\Bum3\db\Flights.odb' has been recovered (tr. 13-13)

[2018-02-20 16:07:54 #2 store] 
Database 'C:\Users\ignacio\eclipse-workspace\Bum3\db\Flights.odb' is opened by 10052@DESKTOP-P6FI1PA

[2018-02-20 16:07:54 #3 store] 
Configuration path: ?

[2018-02-20 16:07:54 #4 type] 
Type domain.Flight is not enhanced.

[2018-02-20 16:07:54 #5 type] 
Type domain.ConcreteFlight is not enhanced.

------------------------------------------------------------------------------------------------------------------------

[2018-02-20 16:08:28 #1 store] 
Database 'C:\Users\ignacio\eclipse-workspace\Bum3\db\Flights.odb' is opened by 2532@DESKTOP-P6FI1PA

[2018-02-20 16:08:28 #2 store] 
Configuration path: ?

[2018-02-20 16:08:28 #3 type] 
Type domain.Flight is not enhanced.

[2018-02-20 16:08:28 #4 type] 
Type domain.ConcreteFlight is not enhanced.

------------------------------------------------------------------------------------------------------------------------

[2018-02-20 16:08:38 #1 store] 
Database 'C:\Users\ignacio\eclipse-workspace\Bum3\db\Flights.odb' has been recovered (tr. 14-15)

[2018-02-20 16:08:38 #2 store] 
Database 'C:\Users\ignacio\eclipse-workspace\Bum3\db\Flights.odb' is opened by 3548@DESKTOP-P6FI1PA

[2018-02-20 16:08:38 #3 store] 
Configuration path: ?

[2018-02-20 16:08:38 #4 type] 
Type domain.Flight is not enhanced.

[2018-02-20 16:08:38 #5 type] 
Type domain.ConcreteFlight is not enhanced.

------------------------------------------------------------------------------------------------------------------------

[2018-02-20 16:09:07 #1 store] 
Database 'C:\Users\ignacio\eclipse-workspace\Bum3\db\Flights.odb' is opened by 4972@DESKTOP-P6FI1PA

[2018-02-20 16:09:07 #2 store] 
Configuration path: ?

[2018-02-20 16:09:07 #3 type] 
Type domain.Flight is not enhanced.

[2018-02-20 16:09:07 #4 type] 
Type domain.ConcreteFlight is not enhanced.

------------------------------------------------------------------------------------------------------------------------

[2018-02-20 16:09:36 #1 store] 
Database 'C:\Users\ignacio\eclipse-workspace\Bum3\db\Flights.odb' is opened by 8376@DESKTOP-P6FI1PA

[2018-02-20 16:09:36 #2 store] 
Configuration path: ?

[2018-02-20 16:09:36 #3 type] 
Type domain.Flight is not enhanced.

[2018-02-20 16:09:36 #4 type] 
Type domain.ConcreteFlight is not enhanced.

------------------------------------------------------------------------------------------------------------------------

[2018-02-20 16:10:02 #1 store] 
Database 'C:\Users\ignacio\eclipse-workspace\Bum3\db\Flights.odb' is opened by 1288@DESKTOP-P6FI1PA

[2018-02-20 16:10:02 #2 store] 
Configuration path: ?

[2018-02-20 16:10:02 #3 type] 
Type domain.Flight is not enhanced.

[2018-02-20 16:10:02 #4 type] 
Type domain.ConcreteFlight is not enhanced.

------------------------------------------------------------------------------------------------------------------------

[2018-02-20 16:10:29 #1 store] 
Database 'C:\Users\ignacio\eclipse-workspace\Bum3\db\Flights.odb' is opened by 5396@DESKTOP-P6FI1PA

[2018-02-20 16:10:29 #2 store] 
Configuration path: ?

[2018-02-20 16:10:29 #3 type] 
Type domain.Flight is not enhanced.

[2018-02-20 16:10:29 #4 type] 
Type domain.ConcreteFlight is not enhanced.

------------------------------------------------------------------------------------------------------------------------

[2018-02-20 16:10:51 #1 store] 
Database 'C:\Users\ignacio\eclipse-workspace\Bum3\db\Flights.odb' is opened by 376@DESKTOP-P6FI1PA

[2018-02-20 16:10:51 #2 store] 
Configuration path: ?

[2018-02-20 16:10:51 #3 type] 
Type domain.Flight is not enhanced.

[2018-02-20 16:10:51 #4 type] 
Type domain.ConcreteFlight is not enhanced.

------------------------------------------------------------------------------------------------------------------------

[2018-02-20 16:11:03 #1 store] 
Database 'C:\Users\ignacio\eclipse-workspace\Bum3\db\Flights.odb' is opened by 8308@DESKTOP-P6FI1PA

[2018-02-20 16:11:03 #2 store] 
Configuration path: ?

[2018-02-20 16:11:03 #3 type] 
Type domain.Flight is not enhanced.

[2018-02-20 16:11:03 #4 type] 
Type domain.ConcreteFlight is not enhanced.

------------------------------------------------------------------------------------------------------------------------

[2018-02-20 16:11:22 #1 store] 
Database 'C:\Users\ignacio\eclipse-workspace\Bum3\db\Flights.odb' is opened by 3632@DESKTOP-P6FI1PA

[2018-02-20 16:11:22 #2 store] 
Configuration path: ?

[2018-02-20 16:11:22 #3 type] 
Type domain.Flight is not enhanced.

[2018-02-20 16:11:22 #4 type] 
Type domain.ConcreteFlight is not enhanced.

------------------------------------------------------------------------------------------------------------------------

[2018-02-20 16:11:52 #1 store] 
Database 'C:\Users\ignacio\eclipse-workspace\Bum3\db\Flights.odb' is opened by 12812@DESKTOP-P6FI1PA

[2018-02-20 16:11:52 #2 store] 
Configuration path: ?

[2018-02-20 16:11:52 #3 type] 
Type domain.Flight is not enhanced.

[2018-02-20 16:11:52 #4 type] 
Type domain.ConcreteFlight is not enhanced.

------------------------------------------------------------------------------------------------------------------------

[2018-02-20 16:12:20 #1 store] 
Database 'C:\Users\ignacio\eclipse-workspace\Bum3\db\Flights.odb' is opened by 12192@DESKTOP-P6FI1PA

[2018-02-20 16:12:20 #2 store] 
Configuration path: ?

[2018-02-20 16:12:20 #3 type] 
Type domain.Flight is not enhanced.

[2018-02-20 16:12:20 #4 type] 
Type domain.ConcreteFlight is not enhanced.

------------------------------------------------------------------------------------------------------------------------

[2018-02-20 16:12:48 #1 store] 
Database 'C:\Users\ignacio\eclipse-workspace\Bum3\db\Flights.odb' is opened by 14044@DESKTOP-P6FI1PA

[2018-02-20 16:12:48 #2 store] 
Configuration path: ?

[2018-02-20 16:12:48 #3 type] 
Type domain.Flight is not enhanced.

[2018-02-20 16:12:48 #4 type] 
Type domain.ConcreteFlight is not enhanced.

------------------------------------------------------------------------------------------------------------------------

[2018-02-20 16:13:19 #1 store] 
Database 'C:\Users\ignacio\eclipse-workspace\Bum3\db\Flights.odb' is opened by 9080@DESKTOP-P6FI1PA

[2018-02-20 16:13:19 #2 store] 
Configuration path: ?

[2018-02-20 16:13:19 #3 type] 
Type domain.Flight is not enhanced.

[2018-02-20 16:13:19 #4 type] 
Type domain.ConcreteFlight is not enhanced.

------------------------------------------------------------------------------------------------------------------------

[2018-02-20 16:13:27 #1 store] 
Database 'C:\Users\ignacio\eclipse-workspace\Bum3\db\Flights.odb' is opened by 13816@DESKTOP-P6FI1PA

[2018-02-20 16:13:27 #2 store] 
Configuration path: ?

[2018-02-20 16:13:27 #3 type] 
Type domain.Flight is not enhanced.

[2018-02-20 16:13:27 #4 type] 
Type domain.ConcreteFlight is not enhanced.

------------------------------------------------------------------------------------------------------------------------

[2018-02-20 16:13:32 #1 store] 
Database 'C:\Users\ignacio\eclipse-workspace\Bum3\db\Flights.odb' is opened by 8268@DESKTOP-P6FI1PA

[2018-02-20 16:13:32 #2 store] 
Configuration path: ?

[2018-02-20 16:13:33 #3 type] 
Type domain.Flight is not enhanced.

[2018-02-20 16:13:33 #4 type] 
Type domain.ConcreteFlight is not enhanced.

------------------------------------------------------------------------------------------------------------------------

[2018-02-20 16:13:48 #1 store] 
Database 'C:\Users\ignacio\eclipse-workspace\Bum3\db\Flights.odb' is opened by 14256@DESKTOP-P6FI1PA

[2018-02-20 16:13:48 #2 store] 
Configuration path: ?

[2018-02-20 16:13:48 #3 type] 
Type domain.Flight is not enhanced.

[2018-02-20 16:13:48 #4 type] 
Type domain.ConcreteFlight is not enhanced.

------------------------------------------------------------------------------------------------------------------------

[2018-02-20 16:17:01 #1 store] 
Database 'C:\Users\ignacio\eclipse-workspace\Bum3\db\Flights.odb' is opened by 13356@DESKTOP-P6FI1PA

[2018-02-20 16:17:01 #2 store] 
Configuration path: ?

[2018-02-20 16:17:01 #3 type] 
Type domain.Flight is not enhanced.

[2018-02-20 16:17:01 #4 type] 
Type domain.ConcreteFlight is not enhanced.

------------------------------------------------------------------------------------------------------------------------

[2018-02-20 16:18:33 #1 store] 
Database 'C:\Users\ignacio\eclipse-workspace\Bum3\db\Flights.odb' is opened by 9716@DESKTOP-P6FI1PA

[2018-02-20 16:18:33 #2 store] 
Configuration path: ?

[2018-02-20 16:18:33 #3 type] 
Type domain.Flight is not enhanced.

[2018-02-20 16:18:33 #4 type] 
Type domain.ConcreteFlight is not enhanced.

------------------------------------------------------------------------------------------------------------------------

[2018-02-20 16:19:04 #1 store] 
Database 'C:\Users\ignacio\eclipse-workspace\Bum3\db\Flights.odb' is opened by 11216@DESKTOP-P6FI1PA

[2018-02-20 16:19:04 #2 store] 
Configuration path: ?

[2018-02-20 16:19:04 #3 type] 
Type domain.Flight is not enhanced.

[2018-02-20 16:19:04 #4 type] 
Type domain.ConcreteFlight is not enhanced.

------------------------------------------------------------------------------------------------------------------------

[2018-02-20 16:21:10 #1 store] 
Database 'C:\Users\ignacio\eclipse-workspace\Bum3\db\Flights.odb' is opened by 13044@DESKTOP-P6FI1PA

[2018-02-20 16:21:10 #2 store] 
Configuration path: ?

[2018-02-20 16:21:10 #3 type] 
Type domain.Flight is not enhanced.

[2018-02-20 16:21:10 #4 type] 
Type domain.ConcreteFlight is not enhanced.

------------------------------------------------------------------------------------------------------------------------

[2018-02-20 16:22:06 #1 store] 
Database 'C:\Users\ignacio\eclipse-workspace\Bum3\db\Flights.odb' is opened by 1232@DESKTOP-P6FI1PA

[2018-02-20 16:22:06 #2 store] 
Configuration path: ?

[2018-02-20 16:22:06 #3 type] 
Type domain.Flight is not enhanced.

[2018-02-20 16:22:06 #4 type] 
Type domain.ConcreteFlight is not enhanced.

------------------------------------------------------------------------------------------------------------------------

[2018-02-20 16:24:25 #1 store] 
Database 'C:\Users\ignacio\eclipse-workspace\Bum3\db\Flights.odb' is opened by 11644@DESKTOP-P6FI1PA

[2018-02-20 16:24:25 #2 store] 
Configuration path: ?

[2018-02-20 16:24:25 #3 type] 
Type domain.Flight is not enhanced.

[2018-02-20 16:24:25 #4 type] 
Type domain.ConcreteFlight is not enhanced.

------------------------------------------------------------------------------------------------------------------------

[2018-02-20 16:37:51 #1 store] 
Database 'C:\Users\ignacio\eclipse-workspace\Bum3\db\Flights.odb' is opened by 12736@DESKTOP-P6FI1PA

[2018-02-20 16:37:51 #2 store] 
Configuration path: ?

[2018-02-20 16:37:51 #3 type] 
Type domain.Flight is not enhanced.

[2018-02-20 16:37:51 #4 type] 
Type domain.ConcreteFlight is not enhanced.

------------------------------------------------------------------------------------------------------------------------

[2018-02-20 16:39:18 #1 store] 
Database 'C:\Users\ignacio\eclipse-workspace\Bum3\db\Flights.odb' is opened by 14124@DESKTOP-P6FI1PA

[2018-02-20 16:39:18 #2 store] 
Configuration path: ?

[2018-02-20 16:39:18 #3 type] 
Type domain.Flight is not enhanced.

[2018-02-20 16:39:18 #4 type] 
Type domain.ConcreteFlight is not enhanced.

------------------------------------------------------------------------------------------------------------------------

[2018-02-20 16:44:42 #1 store] 
Database 'C:\Users\ignacio\eclipse-workspace\Bum3\db\Flights.odb' is opened by 9132@DESKTOP-P6FI1PA

[2018-02-20 16:44:42 #2 store] 
Configuration path: ?

[2018-02-20 16:44:43 #3 type] 
Type domain.Flight is not enhanced.

[2018-02-20 16:44:43 #4 type] 
Type domain.ConcreteFlight is not enhanced.

------------------------------------------------------------------------------------------------------------------------

[2018-02-20 16:45:49 #1 store] 
Database 'C:\Users\ignacio\eclipse-workspace\Bum3\db\Flights.odb' is opened by 7824@DESKTOP-P6FI1PA

[2018-02-20 16:45:49 #2 store] 
Configuration path: ?

[2018-02-20 16:45:49 #3 type] 
Type domain.Flight is not enhanced.

[2018-02-20 16:45:49 #4 type] 
Type domain.ConcreteFlight is not enhanced.

------------------------------------------------------------------------------------------------------------------------

[2018-02-20 17:07:18 #1 store] 
Database 'C:\Users\ignacio\eclipse-workspace\Bum3\db\Flights.odb' is opened by 3132@DESKTOP-P6FI1PA

[2018-02-20 17:07:18 #2 store] 
Configuration path: ?

[2018-02-20 17:07:18 #3 type] 
Type domain.Flight is not enhanced.

[2018-02-20 17:07:18 #4 type] 
Type domain.ConcreteFlight is not enhanced.

------------------------------------------------------------------------------------------------------------------------

[2018-02-20 17:08:32 #1 store] 
Database 'C:\Users\ignacio\eclipse-workspace\Bum3\db\Flights.odb' is opened by 8932@DESKTOP-P6FI1PA

[2018-02-20 17:08:32 #2 store] 
Configuration path: ?

[2018-02-20 17:08:32 #3 type] 
Type domain.Flight is not enhanced.

[2018-02-20 17:08:32 #4 type] 
Type domain.ConcreteFlight is not enhanced.

------------------------------------------------------------------------------------------------------------------------

[2018-02-20 17:08:56 #1 store] 
Database 'C:\Users\ignacio\eclipse-workspace\Bum3\db\Flights.odb' is opened by 156@DESKTOP-P6FI1PA

[2018-02-20 17:08:56 #2 store] 
Configuration path: ?

[2018-02-20 17:08:56 #3 type] 
Type domain.Flight is not enhanced.

[2018-02-20 17:08:56 #4 type] 
Type domain.ConcreteFlight is not enhanced.

------------------------------------------------------------------------------------------------------------------------

[2018-02-20 17:09:53 #1 store] 
Database 'C:\Users\ignacio\eclipse-workspace\Bum3\db\Flights.odb' is opened by 3632@DESKTOP-P6FI1PA

[2018-02-20 17:09:53 #2 store] 
Configuration path: ?

[2018-02-20 17:09:53 #3 type] 
Type domain.Flight is not enhanced.

[2018-02-20 17:09:53 #4 type] 
Type domain.ConcreteFlight is not enhanced.

------------------------------------------------------------------------------------------------------------------------

[2018-02-20 17:14:56 #1 store] 
Database 'C:\Users\ignacio\eclipse-workspace\Bum3\db\Flights.odb' is opened by 6176@DESKTOP-P6FI1PA

[2018-02-20 17:14:56 #2 store] 
Configuration path: ?

[2018-02-20 17:14:56 #3 type] 
Type domain.Flight is not enhanced.

[2018-02-20 17:14:56 #4 type] 
Type domain.ConcreteFlight is not enhanced.

------------------------------------------------------------------------------------------------------------------------

[2018-02-20 17:15:51 #1 store] 
Database 'C:\Users\ignacio\eclipse-workspace\Bum3\db\Flights.odb' is opened by 4260@DESKTOP-P6FI1PA

[2018-02-20 17:15:51 #2 store] 
Configuration path: ?

[2018-02-20 17:15:51 #3 type] 
Type domain.Flight is not enhanced.

[2018-02-20 17:15:51 #4 type] 
Type domain.ConcreteFlight is not enhanced.

------------------------------------------------------------------------------------------------------------------------

[2018-02-20 17:18:02 #1 store] 
Database 'C:\Users\ignacio\eclipse-workspace\Bum3\db\Flights.odb' is opened by 4388@DESKTOP-P6FI1PA

[2018-02-20 17:18:02 #2 store] 
Configuration path: ?

[2018-02-20 17:18:02 #3 type] 
Type domain.Flight is not enhanced.

[2018-02-20 17:18:02 #4 type] 
Type domain.ConcreteFlight is not enhanced.

------------------------------------------------------------------------------------------------------------------------

[2018-02-20 17:19:10 #1 store] 
Database 'C:\Users\ignacio\eclipse-workspace\Bum3\db\Flights.odb' is opened by 9256@DESKTOP-P6FI1PA

[2018-02-20 17:19:10 #2 store] 
Configuration path: ?

[2018-02-20 17:19:10 #3 type] 
Type domain.Flight is not enhanced.

[2018-02-20 17:19:10 #4 type] 
Type domain.ConcreteFlight is not enhanced.

------------------------------------------------------------------------------------------------------------------------

[2018-02-20 17:20:01 #1 store] 
Database 'C:\Users\ignacio\eclipse-workspace\Bum3\db\Flights.odb' is opened by 13068@DESKTOP-P6FI1PA

[2018-02-20 17:20:01 #2 store] 
Configuration path: ?

[2018-02-20 17:20:01 #3 type] 
Type domain.Flight is not enhanced.

[2018-02-20 17:20:01 #4 type] 
Type domain.ConcreteFlight is not enhanced.

------------------------------------------------------------------------------------------------------------------------

[2018-02-20 17:22:32 #1 store] 
Database 'C:\Users\ignacio\eclipse-workspace\Bum3\db\Flights.odb' is opened by 2256@DESKTOP-P6FI1PA

[2018-02-20 17:22:32 #2 store] 
Configuration path: ?

[2018-02-20 17:22:32 #3 type] 
Type domain.Flight is not enhanced.

[2018-02-20 17:22:32 #4 type] 
Type domain.ConcreteFlight is not enhanced.

------------------------------------------------------------------------------------------------------------------------

[2018-02-20 17:22:53 #1 store] 
Database 'C:\Users\ignacio\eclipse-workspace\Bum3\db\Flights.odb' is opened by 3432@DESKTOP-P6FI1PA

[2018-02-20 17:22:53 #2 store] 
Configuration path: ?

[2018-02-20 17:22:53 #3 type] 
Type domain.Flight is not enhanced.

[2018-02-20 17:22:53 #4 type] 
Type domain.ConcreteFlight is not enhanced.

------------------------------------------------------------------------------------------------------------------------

[2018-02-20 17:24:14 #1 store] 
Database 'C:\Users\ignacio\eclipse-workspace\Bum3\db\Flights.odb' is opened by 13628@DESKTOP-P6FI1PA

[2018-02-20 17:24:14 #2 store] 
Configuration path: ?

[2018-02-20 17:24:14 #3 type] 
Type domain.Flight is not enhanced.

[2018-02-20 17:24:14 #4 type] 
Type domain.ConcreteFlight is not enhanced.

------------------------------------------------------------------------------------------------------------------------

[2018-02-20 17:25:00 #1 store] 
Database 'C:\Users\ignacio\eclipse-workspace\Bum3\db\Flights.odb' is opened by 10932@DESKTOP-P6FI1PA

[2018-02-20 17:25:00 #2 store] 
Configuration path: ?

[2018-02-20 17:25:00 #3 type] 
Type domain.Flight is not enhanced.

[2018-02-20 17:25:00 #4 type] 
Type domain.ConcreteFlight is not enhanced.

------------------------------------------------------------------------------------------------------------------------

[2018-02-20 17:27:31 #1 store] 
Database 'C:\Users\ignacio\eclipse-workspace\Bum3\db\Flights.odb' has been recovered (tr. 16-16)

[2018-02-20 17:27:31 #2 store] 
Database 'C:\Users\ignacio\eclipse-workspace\Bum3\db\Flights.odb' is opened by 1152@DESKTOP-P6FI1PA

[2018-02-20 17:27:31 #3 store] 
Configuration path: ?

[2018-02-20 17:27:31 #4 type] 
Type domain.Flight is not enhanced.

[2018-02-20 17:27:31 #5 type] 
Type domain.ConcreteFlight is not enhanced.

------------------------------------------------------------------------------------------------------------------------

[2018-02-20 17:30:11 #1 store] 
Database 'C:\Users\ignacio\eclipse-workspace\Bum3\db\Flights.odb' is opened by 10528@DESKTOP-P6FI1PA

[2018-02-20 17:30:11 #2 store] 
Configuration path: ?

[2018-02-20 17:30:11 #3 type] 
Type domain.Flight is not enhanced.

[2018-02-20 17:30:11 #4 type] 
Type domain.ConcreteFlight is not enhanced.

------------------------------------------------------------------------------------------------------------------------

[2018-02-20 17:31:22 #1 store] 
Database 'C:\Users\ignacio\eclipse-workspace\Bum3\db\Flights.odb' is opened by 4324@DESKTOP-P6FI1PA

[2018-02-20 17:31:22 #2 store] 
Configuration path: ?

[2018-02-20 17:31:22 #3 type] 
Type domain.Flight is not enhanced.

[2018-02-20 17:31:22 #4 type] 
Type domain.ConcreteFlight is not enhanced.

------------------------------------------------------------------------------------------------------------------------

[2018-02-20 17:32:47 #1 store] 
Database 'C:\Users\ignacio\eclipse-workspace\Bum3\db\Flights.odb' has been recovered (tr. 17-17)

[2018-02-20 17:32:47 #2 store] 
Database 'C:\Users\ignacio\eclipse-workspace\Bum3\db\Flights.odb' is opened by 11068@DESKTOP-P6FI1PA

[2018-02-20 17:32:47 #3 store] 
Configuration path: ?

[2018-02-20 17:32:47 #4 type] 
Type domain.Flight is not enhanced.

[2018-02-20 17:32:47 #5 type] 
Type domain.ConcreteFlight is not enhanced.

------------------------------------------------------------------------------------------------------------------------

[2018-02-20 17:33:38 #1 store] 
Database 'C:\Users\ignacio\eclipse-workspace\Bum3\db\Flights.odb' is opened by 8448@DESKTOP-P6FI1PA

[2018-02-20 17:33:38 #2 store] 
Configuration path: ?

[2018-02-20 17:33:38 #3 type] 
Type domain.Flight is not enhanced.

[2018-02-20 17:33:38 #4 type] 
Type domain.ConcreteFlight is not enhanced.

------------------------------------------------------------------------------------------------------------------------

[2018-02-20 17:34:37 #1 store] 
Database 'C:\Users\ignacio\eclipse-workspace\Bum3\db\Flights.odb' is opened by 3716@DESKTOP-P6FI1PA

[2018-02-20 17:34:37 #2 store] 
Configuration path: ?

[2018-02-20 17:34:37 #3 type] 
Type domain.Flight is not enhanced.

[2018-02-20 17:34:37 #4 type] 
Type domain.ConcreteFlight is not enhanced.

------------------------------------------------------------------------------------------------------------------------

[2018-02-20 17:34:43 #1 store] 
Database 'C:\Users\ignacio\eclipse-workspace\Bum3\db\Flights.odb' is opened by 12980@DESKTOP-P6FI1PA

[2018-02-20 17:34:43 #2 store] 
Configuration path: ?

[2018-02-20 17:34:43 #3 type] 
Type domain.Flight is not enhanced.

[2018-02-20 17:34:43 #4 type] 
Type domain.ConcreteFlight is not enhanced.

------------------------------------------------------------------------------------------------------------------------

[2018-02-20 17:35:29 #1 store] 
Database 'C:\Users\ignacio\eclipse-workspace\Bum3\db\Flights.odb' is opened by 7556@DESKTOP-P6FI1PA

[2018-02-20 17:35:29 #2 store] 
Configuration path: ?

[2018-02-20 17:35:30 #3 type] 
Type domain.Flight is not enhanced.

[2018-02-20 17:35:30 #4 type] 
Type domain.ConcreteFlight is not enhanced.

------------------------------------------------------------------------------------------------------------------------

[2018-02-20 17:37:34 #1 store] 
Database 'C:\Users\ignacio\eclipse-workspace\Bum3\db\Flights.odb' is opened by 1996@DESKTOP-P6FI1PA

[2018-02-20 17:37:34 #2 store] 
Configuration path: ?

[2018-02-20 17:37:34 #3 type] 
Type domain.Flight is not enhanced.

[2018-02-20 17:37:34 #4 type] 
Type domain.ConcreteFlight is not enhanced.

------------------------------------------------------------------------------------------------------------------------

[2018-02-20 17:37:42 #1 store] 
Database 'C:\Users\ignacio\eclipse-workspace\Bum3\db\Flights.odb' is opened by 1920@DESKTOP-P6FI1PA

[2018-02-20 17:37:42 #2 store] 
Configuration path: ?

[2018-02-20 17:37:43 #3 type] 
Type domain.Flight is not enhanced.

[2018-02-20 17:37:43 #4 type] 
Type domain.ConcreteFlight is not enhanced.

------------------------------------------------------------------------------------------------------------------------

[2018-02-20 17:41:11 #1 store] 
Database 'C:\Users\ignacio\eclipse-workspace\Bum3\db\Flights.odb' is opened by 6616@DESKTOP-P6FI1PA

[2018-02-20 17:41:11 #2 store] 
Configuration path: ?

[2018-02-20 17:41:11 #3 type] 
Type domain.Flight is not enhanced.

[2018-02-20 17:41:11 #4 type] 
Type domain.ConcreteFlight is not enhanced.

------------------------------------------------------------------------------------------------------------------------

[2018-02-20 17:41:57 #1 store] 
Database 'C:\Users\ignacio\eclipse-workspace\Bum3\db\Flights.odb' is opened by 7728@DESKTOP-P6FI1PA

[2018-02-20 17:41:57 #2 store] 
Configuration path: ?

[2018-02-20 17:41:57 #3 type] 
Type domain.Flight is not enhanced.

[2018-02-20 17:41:57 #4 type] 
Type domain.ConcreteFlight is not enhanced.

------------------------------------------------------------------------------------------------------------------------

[2018-02-20 17:43:50 #1 store] 
Database 'C:\Users\ignacio\eclipse-workspace\Bum3\db\Flights.odb' is opened by 8632@DESKTOP-P6FI1PA

[2018-02-20 17:43:50 #2 store] 
Configuration path: ?

[2018-02-20 17:43:50 #3 type] 
Type domain.Flight is not enhanced.

[2018-02-20 17:43:50 #4 type] 
Type domain.ConcreteFlight is not enhanced.

------------------------------------------------------------------------------------------------------------------------

[2018-02-20 17:44:40 #1 store] 
Database 'C:\Users\ignacio\eclipse-workspace\Bum3\db\Flights.odb' is opened by 6468@DESKTOP-P6FI1PA

[2018-02-20 17:44:40 #2 store] 
Configuration path: ?

[2018-02-20 17:44:40 #3 type] 
Type domain.Flight is not enhanced.

[2018-02-20 17:44:40 #4 type] 
Type domain.ConcreteFlight is not enhanced.

------------------------------------------------------------------------------------------------------------------------

[2018-02-20 17:45:14 #1 store] 
Database 'C:\Users\ignacio\eclipse-workspace\Bum3\db\Flights.odb' is opened by 6712@DESKTOP-P6FI1PA

[2018-02-20 17:45:14 #2 store] 
Configuration path: ?

[2018-02-20 17:45:14 #3 type] 
Type domain.Flight is not enhanced.

[2018-02-20 17:45:14 #4 type] 
Type domain.ConcreteFlight is not enhanced.

------------------------------------------------------------------------------------------------------------------------

[2018-02-20 17:48:20 #1 store] 
Database 'C:\Users\ignacio\eclipse-workspace\Bum3\db\Flights.odb' is opened by 7296@DESKTOP-P6FI1PA

[2018-02-20 17:48:20 #2 store] 
Configuration path: ?

[2018-02-20 17:48:20 #3 type] 
Type domain.Flight is not enhanced.

[2018-02-20 17:48:20 #4 type] 
Type domain.ConcreteFlight is not enhanced.

------------------------------------------------------------------------------------------------------------------------

[2018-02-20 17:50:25 #1 store] 
Database 'C:\Users\ignacio\eclipse-workspace\Bum3\db\Flights.odb' is opened by 1200@DESKTOP-P6FI1PA

[2018-02-20 17:50:25 #2 store] 
Configuration path: ?

[2018-02-20 17:50:25 #3 type] 
Type domain.Flight is not enhanced.

[2018-02-20 17:50:25 #4 type] 
Type domain.ConcreteFlight is not enhanced.

------------------------------------------------------------------------------------------------------------------------

[2018-02-20 17:50:33 #1 store] 
Database 'C:\Users\ignacio\eclipse-workspace\Bum3\db\Flights.odb' is opened by 12720@DESKTOP-P6FI1PA

[2018-02-20 17:50:33 #2 store] 
Configuration path: ?

[2018-02-20 17:50:33 #3 type] 
Type domain.Flight is not enhanced.

[2018-02-20 17:50:33 #4 type] 
Type domain.ConcreteFlight is not enhanced.

------------------------------------------------------------------------------------------------------------------------

[2018-02-20 17:51:28 #1 store] 
Database 'C:\Users\ignacio\eclipse-workspace\Bum3\db\Flights.odb' is opened by 13212@DESKTOP-P6FI1PA

[2018-02-20 17:51:28 #2 store] 
Configuration path: ?

[2018-02-20 17:51:28 #3 type] 
Type domain.Flight is not enhanced.

[2018-02-20 17:51:28 #4 type] 
Type domain.ConcreteFlight is not enhanced.

------------------------------------------------------------------------------------------------------------------------

[2018-02-20 18:11:20 #1 store] 
Database 'C:\Users\ignacio\eclipse-workspace\Bum3\db\Flights.odb' has been recovered (tr. 18-18)

[2018-02-20 18:11:20 #2 store] 
Database 'C:\Users\ignacio\eclipse-workspace\Bum3\db\Flights.odb' is opened by 6212@DESKTOP-P6FI1PA

[2018-02-20 18:11:20 #3 store] 
Configuration path: ?

[2018-02-20 18:11:20 #4 type] 
Type domain.Flight is not enhanced.

[2018-02-20 18:11:20 #5 type] 
Type domain.ConcreteFlight is not enhanced.

------------------------------------------------------------------------------------------------------------------------

[2018-02-20 18:11:42 #1 store] 
Database 'C:\Users\ignacio\eclipse-workspace\Bum3\db\Flights.odb' is opened by 1588@DESKTOP-P6FI1PA

[2018-02-20 18:11:42 #2 store] 
Configuration path: ?

[2018-02-20 18:11:42 #3 type] 
Type domain.Flight is not enhanced.

[2018-02-20 18:11:42 #4 type] 
Type domain.ConcreteFlight is not enhanced.

------------------------------------------------------------------------------------------------------------------------

[2018-02-20 18:12:00 #1 store] 
Database 'C:\Users\ignacio\eclipse-workspace\Bum3\db\Flights.odb' is opened by 9332@DESKTOP-P6FI1PA

[2018-02-20 18:12:00 #2 store] 
Configuration path: ?

[2018-02-20 18:12:00 #3 type] 
Type domain.Flight is not enhanced.

[2018-02-20 18:12:00 #4 type] 
Type domain.ConcreteFlight is not enhanced.

------------------------------------------------------------------------------------------------------------------------

[2018-02-20 18:16:48 #1 store] 
Database 'C:\Users\ignacio\eclipse-workspace\Bum3\db\Flights.odb' is opened by 13140@DESKTOP-P6FI1PA

[2018-02-20 18:16:48 #2 store] 
Configuration path: ?

[2018-02-20 18:16:48 #3 type] 
Type domain.Flight is not enhanced.

[2018-02-20 18:16:48 #4 type] 
Type domain.ConcreteFlight is not enhanced.

------------------------------------------------------------------------------------------------------------------------

[2018-02-20 18:20:14 #1 store] 
Database 'C:\Users\ignacio\eclipse-workspace\Bum3\db\Flights.odb' is opened by 2284@DESKTOP-P6FI1PA

[2018-02-20 18:20:14 #2 store] 
Configuration path: ?

[2018-02-20 18:20:14 #3 type] 
Type domain.Flight is not enhanced.

[2018-02-20 18:20:14 #4 type] 
Type domain.ConcreteFlight is not enhanced.

------------------------------------------------------------------------------------------------------------------------

[2018-02-20 18:22:31 #1 store] 
Database 'C:\Users\ignacio\eclipse-workspace\Bum3\db\Flights.odb' is opened by 8208@DESKTOP-P6FI1PA

[2018-02-20 18:22:31 #2 store] 
Configuration path: ?

[2018-02-20 18:22:31 #3 type] 
Type domain.Flight is not enhanced.

[2018-02-20 18:22:31 #4 type] 
Type domain.ConcreteFlight is not enhanced.

