------------------------------------------------------------------------------------------------------------------------

[2018-05-06 17:56:40 #1 store] 
Database 'C:\Users\ignacio\eclipse-workspace\AeroplofServer\db\Flights2.odb' is opened by 5444@DESKTOP-P6FI1PA

[2018-05-06 17:56:40 #2 store] 
Configuration path: ?

[2018-05-06 17:56:40 #3 type] 
Type domain.Flight is not enhanced.

[2018-05-06 17:56:40 #4 type] 
Type domain.ConcreteFlight is not enhanced.

------------------------------------------------------------------------------------------------------------------------

[2018-05-06 18:06:36 #1 store] 
Database 'C:\Users\ignacio\eclipse-workspace\AeroplofServer\db\Flights2.odb' is opened by 7052@DESKTOP-P6FI1PA

[2018-05-06 18:06:36 #2 store] 
Configuration path: ?

[2018-05-06 18:06:37 #3 type] 
Type domain.Flight is not enhanced.

[2018-05-06 18:06:37 #4 type] 
Type domain.ConcreteFlight is not enhanced.

------------------------------------------------------------------------------------------------------------------------

[2018-05-06 18:07:41 #1 store] 
Database 'C:\Users\ignacio\eclipse-workspace\AeroplofServer\db\Flights2.odb' is opened by 9344@DESKTOP-P6FI1PA

[2018-05-06 18:07:41 #2 store] 
Configuration path: ?

[2018-05-06 18:07:41 #3 type] 
Type domain.Flight is not enhanced.

[2018-05-06 18:07:41 #4 type] 
Type domain.ConcreteFlight is not enhanced.

------------------------------------------------------------------------------------------------------------------------

[2018-05-06 18:11:43 #1 store] 
Database 'C:\Users\ignacio\eclipse-workspace\AeroplofServer\db\Flights2.odb' is opened by 9684@DESKTOP-P6FI1PA

[2018-05-06 18:11:43 #2 store] 
Configuration path: ?

[2018-05-06 18:11:44 #3 type] 
Type domain.Flight is not enhanced.

[2018-05-06 18:11:44 #4 type] 
Type domain.ConcreteFlight is not enhanced.

------------------------------------------------------------------------------------------------------------------------

[2018-05-06 18:12:16 #1 store] 
Database 'C:\Users\ignacio\eclipse-workspace\AeroplofServer\db\Flights2.odb' is opened by 10272@DESKTOP-P6FI1PA

[2018-05-06 18:12:16 #2 store] 
Configuration path: ?

[2018-05-06 18:12:16 #3 type] 
Type domain.Flight is not enhanced.

[2018-05-06 18:12:16 #4 type] 
Type domain.ConcreteFlight is not enhanced.

------------------------------------------------------------------------------------------------------------------------

[2018-05-06 18:13:12 #1 store] 
Database 'C:\Users\ignacio\eclipse-workspace\AeroplofServer\db\Flights2.odb' is opened by 3884@DESKTOP-P6FI1PA

[2018-05-06 18:13:12 #2 store] 
Configuration path: ?

[2018-05-06 18:13:12 #3 type] 
Type domain.Flight is not enhanced.

[2018-05-06 18:13:12 #4 type] 
Type domain.ConcreteFlight is not enhanced.

------------------------------------------------------------------------------------------------------------------------

[2018-05-06 18:13:20 #1 store] 
Database 'C:\Users\ignacio\eclipse-workspace\AeroplofServer\db\Flights2.odb' is opened by 8960@DESKTOP-P6FI1PA

[2018-05-06 18:13:20 #2 store] 
Configuration path: ?

[2018-05-06 18:13:20 #3 type] 
Type domain.Flight is not enhanced.

[2018-05-06 18:13:20 #4 type] 
Type domain.ConcreteFlight is not enhanced.

------------------------------------------------------------------------------------------------------------------------

[2018-05-06 18:15:55 #1 store] 
Database 'C:\Users\ignacio\eclipse-workspace\AeroplofServer\db\Flights2.odb' is opened by 200@DESKTOP-P6FI1PA

[2018-05-06 18:15:55 #2 store] 
Configuration path: ?

[2018-05-06 18:15:55 #3 type] 
Type domain.Flight is not enhanced.

[2018-05-06 18:15:55 #4 type] 
Type domain.ConcreteFlight is not enhanced.

------------------------------------------------------------------------------------------------------------------------

[2018-05-06 18:16:56 #1 store] 
Database 'C:\Users\ignacio\eclipse-workspace\AeroplofServer\db\Flights2.odb' is opened by 11768@DESKTOP-P6FI1PA

[2018-05-06 18:16:56 #2 store] 
Configuration path: ?

[2018-05-06 18:16:56 #3 type] 
Type domain.Flight is not enhanced.

[2018-05-06 18:16:56 #4 type] 
Type domain.ConcreteFlight is not enhanced.

------------------------------------------------------------------------------------------------------------------------

[2018-05-06 18:19:27 #1 store] 
Database 'C:\Users\ignacio\eclipse-workspace\AeroplofServer\db\Flights2.odb' is opened by 5780@DESKTOP-P6FI1PA

[2018-05-06 18:19:27 #2 store] 
Configuration path: ?

[2018-05-06 18:19:27 #3 type] 
Type domain.Flight is not enhanced.

[2018-05-06 18:19:27 #4 type] 
Type domain.ConcreteFlight is not enhanced.

------------------------------------------------------------------------------------------------------------------------

[2018-05-06 18:20:22 #1 store] 
Database 'C:\Users\ignacio\eclipse-workspace\AeroplofServer\db\Flights2.odb' is opened by 4244@DESKTOP-P6FI1PA

[2018-05-06 18:20:22 #2 store] 
Configuration path: ?

[2018-05-06 18:20:23 #3 type] 
Type domain.Flight is not enhanced.

[2018-05-06 18:20:23 #4 type] 
Type domain.ConcreteFlight is not enhanced.

------------------------------------------------------------------------------------------------------------------------

[2018-05-06 18:20:46 #1 store] 
Database 'C:\Users\ignacio\eclipse-workspace\AeroplofServer\db\Flights2.odb' is opened by 5708@DESKTOP-P6FI1PA

[2018-05-06 18:20:46 #2 store] 
Configuration path: ?

[2018-05-06 18:20:46 #3 type] 
Type domain.Flight is not enhanced.

[2018-05-06 18:20:46 #4 type] 
Type domain.ConcreteFlight is not enhanced.

------------------------------------------------------------------------------------------------------------------------

[2018-05-06 18:25:45 #1 store] 
Database 'C:\Users\ignacio\eclipse-workspace\AeroplofServer\db\Flights2.odb' is opened by 6888@DESKTOP-P6FI1PA

[2018-05-06 18:25:45 #2 store] 
Configuration path: ?

[2018-05-06 18:25:45 #3 type] 
Type domain.Flight is not enhanced.

[2018-05-06 18:25:45 #4 type] 
Type domain.ConcreteFlight is not enhanced.

------------------------------------------------------------------------------------------------------------------------

[2018-05-06 18:26:14 #1 store] 
Database 'C:\Users\ignacio\eclipse-workspace\AeroplofServer\db\Flights2.odb' is opened by 9124@DESKTOP-P6FI1PA

[2018-05-06 18:26:14 #2 store] 
Configuration path: ?

[2018-05-06 18:26:14 #3 type] 
Type domain.Flight is not enhanced.

[2018-05-06 18:26:14 #4 type] 
Type domain.ConcreteFlight is not enhanced.

------------------------------------------------------------------------------------------------------------------------

[2018-05-06 18:28:21 #1 store] 
Database 'C:\Users\ignacio\eclipse-workspace\AeroplofServer\db\Flights2.odb' is opened by 11668@DESKTOP-P6FI1PA

[2018-05-06 18:28:21 #2 store] 
Configuration path: ?

[2018-05-06 18:28:21 #3 type] 
Type domain.Flight is not enhanced.

[2018-05-06 18:28:21 #4 type] 
Type domain.ConcreteFlight is not enhanced.

------------------------------------------------------------------------------------------------------------------------

[2018-05-06 19:17:21 #1 store] 
Database 'C:\Users\ignacio\eclipse-workspace\AeroplofServer\db\Flights2.odb' has been recovered (tr. 17-17)

[2018-05-06 19:17:22 #2 store] 
Database 'C:\Users\ignacio\eclipse-workspace\AeroplofServer\db\Flights2.odb' is opened by 9500@DESKTOP-P6FI1PA

[2018-05-06 19:17:22 #3 store] 
Configuration path: ?

[2018-05-06 19:17:22 #4 type] 
Type domain.Flight is not enhanced.

[2018-05-06 19:17:22 #5 type] 
Type domain.ConcreteFlight is not enhanced.

------------------------------------------------------------------------------------------------------------------------

[2018-05-06 19:30:17 #1 store] 
Database 'C:\Users\ignacio\eclipse-workspace\AeroplofServer\db\Flights2.odb' is opened by 15052@DESKTOP-P6FI1PA

[2018-05-06 19:30:17 #2 store] 
Configuration path: ?

[2018-05-06 19:30:17 #3 type] 
Type domain.Flight is not enhanced.

[2018-05-06 19:30:17 #4 type] 
Type domain.ConcreteFlight is not enhanced.

------------------------------------------------------------------------------------------------------------------------

[2018-05-06 19:51:33 #1 store] 
Database 'C:\Users\ignacio\eclipse-workspace\AeroplofServer\db\Flights2.odb' is opened by 13164@DESKTOP-P6FI1PA

[2018-05-06 19:51:33 #2 store] 
Configuration path: ?

[2018-05-06 19:51:33 #3 type] 
Type domain.Flight is not enhanced.

[2018-05-06 19:51:33 #4 type] 
Type domain.ConcreteFlight is not enhanced.

